[22/Jan/2019 15:36:22] "GET /admin/ HTTP/1.1" 200 10047
[22/Jan/2019 15:36:23] "GET /admin/control_pane/drone/ HTTP/1.1" 200 4685
[22/Jan/2019 15:36:23] "GET /admin/jsi18n/ HTTP/1.1" 200 14871
[22/Jan/2019 15:36:24] "GET /admin/control_pane/drone/1/change/ HTTP/1.1" 200 7938
[22/Jan/2019 15:36:24] "GET /admin/jsi18n/ HTTP/1.1" 200 14871
[22/Jan/2019 15:37:13] "GET / HTTP/1.1" 200 1583
[22/Jan/2019 15:37:14] "GET /control/ HTTP/1.1" 200 10304
[22/Jan/2019 15:37:15] "GET /delete/ HTTP/1.1" 200 9943
[22/Jan/2019 15:37:15] "GET /control/ HTTP/1.1" 200 9943
[22/Jan/2019 15:37:16] "GET / HTTP/1.1" 200 1583
[22/Jan/2019 15:39:00] "GET /control/ HTTP/1.1" 200 10114
[22/Jan/2019 15:39:00] "GET /delete/ HTTP/1.1" 200 9943
[22/Jan/2019 15:39:01] "GET /control/ HTTP/1.1" 200 9943
[22/Jan/2019 15:39:01] "GET / HTTP/1.1" 200 1583
[22/Jan/2019 15:52:43] "GET / HTTP/1.1" 200 1583
[22/Jan/2019 15:52:45] "GET /control/ HTTP/1.1" 200 10283
[22/Jan/2019 15:52:46] "GET /delete/ HTTP/1.1" 200 9943
[22/Jan/2019 15:52:46] "GET /control/ HTTP/1.1" 200 9943
[22/Jan/2019 15:53:00] "GET / HTTP/1.1" 200 1583
[22/Jan/2019 15:53:02] "GET /control/ HTTP/1.1" 200 10959
[22/Jan/2019 15:53:03] "GET / HTTP/1.1" 200 1583
[22/Jan/2019 15:53:04] "GET /admin/ HTTP/1.1" 302 0
[22/Jan/2019 15:53:04] "GET /admin/login/?next=/admin/ HTTP/1.1" 200 1909
Not Found: /favicon.ico
[22/Jan/2019 15:53:04] "GET /favicon.ico HTTP/1.1" 404 2613
[22/Jan/2019 15:53:05] "POST /admin/login/?next=/admin/ HTTP/1.1" 302 0
[22/Jan/2019 15:53:05] "GET /admin/ HTTP/1.1" 200 10047
[22/Jan/2019 15:53:06] "GET /admin/control_pane/dronecommand/ HTTP/1.1" 200 6013
[22/Jan/2019 15:53:06] "GET /admin/jsi18n/ HTTP/1.1" 200 14871
[22/Jan/2019 15:53:07] "GET /admin/control_pane/dronecommand/ HTTP/1.1" 200 6013
[22/Jan/2019 15:53:07] "GET /admin/jsi18n/ HTTP/1.1" 200 14871
[22/Jan/2019 15:53:07] "GET /admin/control_pane/dronecommand/ HTTP/1.1" 200 6013
[22/Jan/2019 15:53:07] "GET /admin/jsi18n/ HTTP/1.1" 200 14871
[22/Jan/2019 15:53:08] "GET /admin/control_pane/dronecommand/ HTTP/1.1" 200 6013
[22/Jan/2019 15:53:08] "GET /admin/jsi18n/ HTTP/1.1" 200 14871
[22/Jan/2019 15:53:08] "GET /admin/control_pane/dronecommand/1254/change/ HTTP/1.1" 200 9240
[22/Jan/2019 15:53:08] "GET /admin/jsi18n/ HTTP/1.1" 200 14871
[22/Jan/2019 15:53:09] "GET /admin/control_pane/dronecommand/1254/change/ HTTP/1.1" 200 9240
[22/Jan/2019 15:53:09] "GET /admin/jsi18n/ HTTP/1.1" 200 14871
[22/Jan/2019 15:53:09] "GET /admin/control_pane/dronecommand/1254/change/ HTTP/1.1" 200 9240
[22/Jan/2019 15:53:09] "GET /admin/jsi18n/ HTTP/1.1" 200 14871
[22/Jan/2019 15:53:09] "GET /admin/control_pane/dronecommand/1254/change/ HTTP/1.1" 200 9240
[22/Jan/2019 15:53:09] "GET /admin/jsi18n/ HTTP/1.1" 200 14871
[22/Jan/2019 15:53:10] "GET /admin/control_pane/dronecommand/ HTTP/1.1" 200 6013
[22/Jan/2019 15:54:15] "GET / HTTP/1.1" 200 1583
[22/Jan/2019 15:54:16] "GET /control/ HTTP/1.1" 200 10980
[22/Jan/2019 15:54:17] "GET /delete/ HTTP/1.1" 200 9943
[22/Jan/2019 15:54:17] "GET /control/ HTTP/1.1" 200 9943
[22/Jan/2019 15:54:18] "GET / HTTP/1.1" 200 1583
[22/Jan/2019 15:54:20] "GET /admin/ HTTP/1.1" 200 10047
[22/Jan/2019 15:54:37] "GET /admin/ HTTP/1.1" 200 10047
[22/Jan/2019 15:54:39] "GET /admin/control_pane/dronecommand/ HTTP/1.1" 200 3448
[22/Jan/2019 15:54:39] "GET /admin/jsi18n/ HTTP/1.1" 200 14871
[22/Jan/2019 15:54:39] "GET /admin/control_pane/dronecommand/ HTTP/1.1" 200 3448
[22/Jan/2019 15:54:39] "GET /admin/jsi18n/ HTTP/1.1" 200 14871
[22/Jan/2019 15:54:39] "GET /admin/control_pane/dronecommand/ HTTP/1.1" 200 3448
[22/Jan/2019 15:54:39] "GET /admin/jsi18n/ HTTP/1.1" 200 14871
[22/Jan/2019 15:54:40] "GET /admin/control_pane/dronecommand/ HTTP/1.1" 200 3448
[22/Jan/2019 15:54:40] "GET /admin/jsi18n/ HTTP/1.1" 200 14871
[22/Jan/2019 15:54:40] "GET /admin/control_pane/dronecommand/ HTTP/1.1" 200 3448
[22/Jan/2019 15:54:40] "GET /admin/jsi18n/ HTTP/1.1" 200 14871
[22/Jan/2019 15:54:40] "GET /admin/control_pane/dronecommand/ HTTP/1.1" 200 3448
[22/Jan/2019 15:54:40] "GET /admin/jsi18n/ HTTP/1.1" 200 14871
[22/Jan/2019 15:54:40] "GET /admin/control_pane/dronecommand/ HTTP/1.1" 200 3448
[22/Jan/2019 15:54:40] "GET /admin/jsi18n/ HTTP/1.1" 200 14871
[22/Jan/2019 15:54:40] "GET /admin/control_pane/dronecommand/ HTTP/1.1" 200 3448
[22/Jan/2019 15:54:40] "GET /admin/jsi18n/ HTTP/1.1" 200 14871
[22/Jan/2019 15:54:41] "GET /admin/control_pane/dronecommand/ HTTP/1.1" 200 3448
[22/Jan/2019 15:54:41] "GET /admin/jsi18n/ HTTP/1.1" 200 14871
[22/Jan/2019 15:54:41] "GET /admin/control_pane/dronecommand/ HTTP/1.1" 200 3448
[22/Jan/2019 15:54:41] "GET /admin/jsi18n/ HTTP/1.1" 200 14871
[22/Jan/2019 15:54:46] "GET /admin/control_pane/dronecommand/ HTTP/1.1" 200 4758
[22/Jan/2019 15:54:46] "GET /admin/jsi18n/ HTTP/1.1" 200 14871
[22/Jan/2019 15:54:46] "GET /admin/control_pane/dronecommand/ HTTP/1.1" 200 4758
[22/Jan/2019 15:54:46] "GET /admin/jsi18n/ HTTP/1.1" 200 14871
[22/Jan/2019 15:54:47] "GET /admin/control_pane/dronecommand/ HTTP/1.1" 200 4758
[22/Jan/2019 15:54:47] "GET /admin/jsi18n/ HTTP/1.1" 200 14871
[22/Jan/2019 15:54:47] "GET /admin/control_pane/dronecommand/ HTTP/1.1" 200 4758
[22/Jan/2019 15:54:47] "GET /admin/jsi18n/ HTTP/1.1" 200 14871
[22/Jan/2019 15:54:47] "GET /admin/control_pane/dronecommand/ HTTP/1.1" 200 4758
[22/Jan/2019 15:54:47] "GET /admin/jsi18n/ HTTP/1.1" 200 14871
[22/Jan/2019 15:54:47] "GET /admin/control_pane/dronecommand/ HTTP/1.1" 200 4758
[22/Jan/2019 15:54:47] "GET /admin/jsi18n/ HTTP/1.1" 200 14871
[22/Jan/2019 15:54:48] "GET /admin/control_pane/dronecommand/ HTTP/1.1" 200 4758
[22/Jan/2019 15:54:48] "GET /admin/jsi18n/ HTTP/1.1" 200 14871
[22/Jan/2019 15:54:48] "GET /admin/control_pane/dronecommand/ HTTP/1.1" 200 4758
[22/Jan/2019 15:54:48] "GET /admin/jsi18n/ HTTP/1.1" 200 14871
[22/Jan/2019 15:54:48] "GET /admin/control_pane/dronecommand/ HTTP/1.1" 200 4758
[22/Jan/2019 15:54:48] "GET /admin/jsi18n/ HTTP/1.1" 200 14871
[22/Jan/2019 15:54:48] "GET /admin/control_pane/dronecommand/ HTTP/1.1" 200 4758
[22/Jan/2019 15:54:48] "GET /admin/jsi18n/ HTTP/1.1" 200 14871
[22/Jan/2019 15:54:49] "GET /admin/control_pane/dronecommand/ HTTP/1.1" 200 4758
[22/Jan/2019 15:54:49] "GET /admin/jsi18n/ HTTP/1.1" 200 14871
[22/Jan/2019 15:54:49] "GET /admin/control_pane/dronecommand/ HTTP/1.1" 200 4758
[22/Jan/2019 15:54:49] "GET /admin/jsi18n/ HTTP/1.1" 200 14871
[22/Jan/2019 15:54:49] "GET /admin/control_pane/dronecommand/ HTTP/1.1" 200 4758
[22/Jan/2019 15:54:49] "GET /admin/jsi18n/ HTTP/1.1" 200 14871
[22/Jan/2019 15:54:49] "GET /admin/control_pane/dronecommand/ HTTP/1.1" 200 4758
[22/Jan/2019 15:54:49] "GET /admin/jsi18n/ HTTP/1.1" 200 14871
[22/Jan/2019 15:54:50] "GET /admin/control_pane/dronecommand/ HTTP/1.1" 200 4758
[22/Jan/2019 15:54:50] "GET /admin/jsi18n/ HTTP/1.1" 200 14871
[22/Jan/2019 15:54:50] "GET /admin/control_pane/dronecommand/ HTTP/1.1" 200 4758
[22/Jan/2019 15:54:50] "GET /admin/jsi18n/ HTTP/1.1" 200 14871
[22/Jan/2019 15:54:50] "GET /admin/control_pane/dronecommand/ HTTP/1.1" 200 4758
[22/Jan/2019 15:54:50] "GET /admin/jsi18n/ HTTP/1.1" 200 14871
[22/Jan/2019 15:54:50] "GET /admin/control_pane/dronecommand/ HTTP/1.1" 200 4758
[22/Jan/2019 15:54:50] "GET /admin/jsi18n/ HTTP/1.1" 200 14871
[22/Jan/2019 15:54:50] "GET /admin/control_pane/dronecommand/ HTTP/1.1" 200 4758
[22/Jan/2019 15:54:51] "GET /admin/jsi18n/ HTTP/1.1" 200 14871
[22/Jan/2019 15:54:51] "GET /admin/control_pane/dronecommand/ HTTP/1.1" 200 4758
[22/Jan/2019 15:54:51] "GET /admin/jsi18n/ HTTP/1.1" 200 14871
[22/Jan/2019 15:54:51] "GET /admin/control_pane/dronecommand/ HTTP/1.1" 200 4758
[22/Jan/2019 15:54:51] "GET /admin/jsi18n/ HTTP/1.1" 200 14871
[22/Jan/2019 15:54:51] "GET /admin/control_pane/dronecommand/ HTTP/1.1" 200 4758
[22/Jan/2019 15:54:51] "GET /admin/jsi18n/ HTTP/1.1" 200 14871
[22/Jan/2019 15:54:51] "GET /admin/control_pane/dronecommand/ HTTP/1.1" 200 4758
[22/Jan/2019 15:54:51] "GET /admin/jsi18n/ HTTP/1.1" 200 14871
[22/Jan/2019 15:54:52] "GET /admin/control_pane/dronecommand/ HTTP/1.1" 200 4758
[22/Jan/2019 15:54:52] "GET /admin/jsi18n/ HTTP/1.1" 200 14871
[22/Jan/2019 15:54:52] "GET /admin/control_pane/dronecommand/ HTTP/1.1" 200 4758
[22/Jan/2019 15:54:52] "GET /admin/jsi18n/ HTTP/1.1" 200 14871
[22/Jan/2019 15:54:52] "GET /admin/control_pane/dronecommand/ HTTP/1.1" 200 5762
[22/Jan/2019 15:54:52] "GET /admin/jsi18n/ HTTP/1.1" 200 14871
[22/Jan/2019 15:54:52] "GET /admin/control_pane/dronecommand/ HTTP/1.1" 200 5762
[22/Jan/2019 15:54:52] "GET /admin/jsi18n/ HTTP/1.1" 200 14871
[22/Jan/2019 15:54:53] "GET /admin/control_pane/dronecommand/ HTTP/1.1" 200 5762
[22/Jan/2019 15:54:53] "GET /admin/jsi18n/ HTTP/1.1" 200 14871
[22/Jan/2019 15:54:53] "GET /admin/control_pane/dronecommand/ HTTP/1.1" 200 5762
[22/Jan/2019 15:54:53] "GET /admin/jsi18n/ HTTP/1.1" 200 14871
[22/Jan/2019 15:54:53] "GET /admin/control_pane/dronecommand/ HTTP/1.1" 200 5762
[22/Jan/2019 15:54:53] "GET /admin/jsi18n/ HTTP/1.1" 200 14871
[22/Jan/2019 15:54:53] "GET /admin/control_pane/dronecommand/ HTTP/1.1" 200 5762
[22/Jan/2019 15:54:53] "GET /admin/jsi18n/ HTTP/1.1" 200 14871
[22/Jan/2019 15:54:54] "GET /admin/control_pane/dronecommand/ HTTP/1.1" 200 5762
[22/Jan/2019 15:54:54] "GET /admin/jsi18n/ HTTP/1.1" 200 14871
[22/Jan/2019 15:58:50] "GET /delete/ HTTP/1.1" 200 9943
[22/Jan/2019 15:58:51] "GET /control/ HTTP/1.1" 200 9943
[22/Jan/2019 15:58:56] "GET / HTTP/1.1" 200 1583
[22/Jan/2019 15:59:03] "GET /admin/control_pane/dronecommand/ HTTP/1.1" 200 3448
[22/Jan/2019 15:59:03] "GET /admin/jsi18n/ HTTP/1.1" 200 14871
[22/Jan/2019 15:59:04] "GET /admin/control_pane/dronecommand/ HTTP/1.1" 200 3448
[22/Jan/2019 15:59:04] "GET /admin/jsi18n/ HTTP/1.1" 200 14871
[22/Jan/2019 15:59:04] "GET /admin/control_pane/dronecommand/ HTTP/1.1" 200 3448
[22/Jan/2019 15:59:04] "GET /admin/jsi18n/ HTTP/1.1" 200 14871
[22/Jan/2019 15:59:04] "GET /admin/control_pane/dronecommand/ HTTP/1.1" 200 3448
[22/Jan/2019 15:59:04] "GET /admin/jsi18n/ HTTP/1.1" 200 14871
[22/Jan/2019 15:59:04] "GET /admin/control_pane/dronecommand/ HTTP/1.1" 200 3448
[22/Jan/2019 15:59:04] "GET /admin/jsi18n/ HTTP/1.1" 200 14871
[22/Jan/2019 15:59:04] "GET /admin/control_pane/dronecommand/ HTTP/1.1" 200 3448
[22/Jan/2019 15:59:04] "GET /admin/jsi18n/ HTTP/1.1" 200 14871
[22/Jan/2019 15:59:04] "GET /admin/control_pane/dronecommand/ HTTP/1.1" 200 3448
[22/Jan/2019 15:59:04] "GET /admin/jsi18n/ HTTP/1.1" 200 14871
[22/Jan/2019 15:59:05] "GET /admin/control_pane/dronecommand/ HTTP/1.1" 200 3448
[22/Jan/2019 15:59:05] "GET /admin/jsi18n/ HTTP/1.1" 200 14871
[22/Jan/2019 15:59:05] "GET /admin/control_pane/dronecommand/ HTTP/1.1" 200 3448
[22/Jan/2019 15:59:05] "GET /admin/jsi18n/ HTTP/1.1" 200 14871
[22/Jan/2019 15:59:05] "GET /admin/control_pane/dronecommand/ HTTP/1.1" 200 3448
[22/Jan/2019 15:59:05] "GET /admin/jsi18n/ HTTP/1.1" 200 14871
[22/Jan/2019 15:59:05] "GET /admin/control_pane/dronecommand/ HTTP/1.1" 200 3448
[22/Jan/2019 15:59:05] "GET /admin/jsi18n/ HTTP/1.1" 200 14871
[22/Jan/2019 15:59:05] "GET /admin/control_pane/dronecommand/ HTTP/1.1" 200 3448
[22/Jan/2019 15:59:05] "GET /admin/jsi18n/ HTTP/1.1" 200 14871
[22/Jan/2019 15:59:06] "GET /admin/control_pane/dronecommand/ HTTP/1.1" 200 3448
[22/Jan/2019 15:59:06] "GET /admin/jsi18n/ HTTP/1.1" 200 14871
[22/Jan/2019 15:59:06] "GET /admin/control_pane/dronecommand/ HTTP/1.1" 200 3448
[22/Jan/2019 15:59:06] "GET /admin/jsi18n/ HTTP/1.1" 200 14871
[22/Jan/2019 15:59:06] "GET /admin/control_pane/dronecommand/ HTTP/1.1" 200 3448
[22/Jan/2019 15:59:06] "GET /admin/jsi18n/ HTTP/1.1" 200 14871
[22/Jan/2019 15:59:06] "GET /admin/control_pane/dronecommand/ HTTP/1.1" 200 3448
[22/Jan/2019 15:59:06] "GET /admin/jsi18n/ HTTP/1.1" 200 14871
[22/Jan/2019 15:59:06] "GET /admin/control_pane/dronecommand/ HTTP/1.1" 200 3448
[22/Jan/2019 15:59:07] "GET /admin/jsi18n/ HTTP/1.1" 200 14871
[22/Jan/2019 15:59:07] "GET /admin/control_pane/dronecommand/ HTTP/1.1" 200 3448
[22/Jan/2019 15:59:07] "GET /admin/jsi18n/ HTTP/1.1" 200 14871
[22/Jan/2019 15:59:07] "GET /admin/control_pane/dronecommand/ HTTP/1.1" 200 3448
[22/Jan/2019 15:59:07] "GET /admin/jsi18n/ HTTP/1.1" 200 14871
[22/Jan/2019 15:59:07] "GET /admin/control_pane/dronecommand/ HTTP/1.1" 200 3448
[22/Jan/2019 15:59:07] "GET /admin/jsi18n/ HTTP/1.1" 200 14871
[22/Jan/2019 15:59:07] "GET /admin/control_pane/dronecommand/ HTTP/1.1" 200 3448
[22/Jan/2019 15:59:07] "GET /admin/jsi18n/ HTTP/1.1" 200 14871
[22/Jan/2019 15:59:07] "GET /admin/control_pane/dronecommand/ HTTP/1.1" 200 3448
[22/Jan/2019 15:59:07] "GET /admin/jsi18n/ HTTP/1.1" 200 14871
[22/Jan/2019 15:59:08] "GET /admin/control_pane/dronecommand/ HTTP/1.1" 200 3448
[22/Jan/2019 15:59:08] "GET /admin/jsi18n/ HTTP/1.1" 200 14871
[22/Jan/2019 15:59:08] "GET /admin/control_pane/dronecommand/ HTTP/1.1" 200 3448
[22/Jan/2019 15:59:08] "GET /admin/jsi18n/ HTTP/1.1" 200 14871
[22/Jan/2019 15:59:08] "GET /admin/control_pane/dronecommand/ HTTP/1.1" 200 3448
[22/Jan/2019 15:59:08] "GET /admin/jsi18n/ HTTP/1.1" 200 14871
[22/Jan/2019 15:59:08] "GET /admin/control_pane/dronecommand/ HTTP/1.1" 200 3448
[22/Jan/2019 15:59:08] "GET /admin/jsi18n/ HTTP/1.1" 200 14871
[22/Jan/2019 15:59:08] "GET /admin/control_pane/dronecommand/ HTTP/1.1" 200 3448
[22/Jan/2019 15:59:08] "GET /admin/jsi18n/ HTTP/1.1" 200 14871
[22/Jan/2019 15:59:09] "GET /admin/control_pane/dronecommand/ HTTP/1.1" 200 3448
[22/Jan/2019 15:59:09] "GET /admin/jsi18n/ HTTP/1.1" 200 14871
[22/Jan/2019 15:59:09] "GET /admin/control_pane/dronecommand/ HTTP/1.1" 200 3448
[22/Jan/2019 15:59:09] "GET /admin/jsi18n/ HTTP/1.1" 200 14871
[22/Jan/2019 15:59:09] "GET /admin/control_pane/dronecommand/ HTTP/1.1" 200 3448
[22/Jan/2019 15:59:09] "GET /admin/jsi18n/ HTTP/1.1" 200 14871
[22/Jan/2019 15:59:10] "GET /admin/control_pane/dronecommand/ HTTP/1.1" 200 3448
[22/Jan/2019 15:59:10] "GET /admin/jsi18n/ HTTP/1.1" 200 14871
[22/Jan/2019 15:59:10] "GET /admin/control_pane/dronecommand/ HTTP/1.1" 200 3448
[22/Jan/2019 15:59:10] "GET /admin/jsi18n/ HTTP/1.1" 200 14871
[22/Jan/2019 15:59:11] "GET /admin/control_pane/dronecommand/ HTTP/1.1" 200 3448
[22/Jan/2019 15:59:11] "GET /admin/jsi18n/ HTTP/1.1" 200 14871
[22/Jan/2019 15:59:11] "GET /admin/control_pane/dronecommand/ HTTP/1.1" 200 3448
[22/Jan/2019 15:59:11] "GET /admin/jsi18n/ HTTP/1.1" 200 14871
[22/Jan/2019 15:59:11] "GET /admin/control_pane/dronecommand/ HTTP/1.1" 200 3448
[22/Jan/2019 15:59:11] "GET /admin/jsi18n/ HTTP/1.1" 200 14871
[22/Jan/2019 15:59:11] "GET /admin/control_pane/dronecommand/ HTTP/1.1" 200 3448
[22/Jan/2019 15:59:11] "GET /admin/jsi18n/ HTTP/1.1" 200 14871
[22/Jan/2019 15:59:12] "GET /admin/control_pane/dronecommand/ HTTP/1.1" 200 3448
[22/Jan/2019 15:59:12] "GET /admin/jsi18n/ HTTP/1.1" 200 14871
[22/Jan/2019 15:59:12] "GET /admin/control_pane/dronecommand/ HTTP/1.1" 200 3448
[22/Jan/2019 15:59:12] "GET /admin/jsi18n/ HTTP/1.1" 200 14871
[22/Jan/2019 15:59:12] "GET /admin/control_pane/dronecommand/ HTTP/1.1" 200 3448
[22/Jan/2019 15:59:12] "GET /admin/jsi18n/ HTTP/1.1" 200 14871
[22/Jan/2019 15:59:12] "GET /admin/control_pane/dronecommand/ HTTP/1.1" 200 3448
[22/Jan/2019 15:59:12] "GET /admin/jsi18n/ HTTP/1.1" 200 14871
[22/Jan/2019 15:59:13] "GET /admin/control_pane/dronecommand/ HTTP/1.1" 200 3448
[22/Jan/2019 15:59:13] "GET /admin/jsi18n/ HTTP/1.1" 200 14871
[22/Jan/2019 15:59:13] "GET /admin/control_pane/dronecommand/ HTTP/1.1" 200 3448
[22/Jan/2019 15:59:13] "GET /admin/jsi18n/ HTTP/1.1" 200 14871
[22/Jan/2019 15:59:13] "GET /admin/control_pane/dronecommand/ HTTP/1.1" 200 3448
[22/Jan/2019 15:59:13] "GET /admin/jsi18n/ HTTP/1.1" 200 14871
[22/Jan/2019 15:59:13] "GET /admin/control_pane/dronecommand/ HTTP/1.1" 200 3448
[22/Jan/2019 15:59:13] "GET /admin/jsi18n/ HTTP/1.1" 200 14871
[22/Jan/2019 15:59:20] "GET /control/ HTTP/1.1" 200 9945
[22/Jan/2019 15:59:21] "GET /delete/ HTTP/1.1" 200 9943
[22/Jan/2019 15:59:21] "GET /control/ HTTP/1.1" 200 9943
[22/Jan/2019 15:59:27] "GET /admin/control_pane/dronecommand/ HTTP/1.1" 200 3448
[22/Jan/2019 15:59:27] "GET /admin/jsi18n/ HTTP/1.1" 200 14871
[22/Jan/2019 15:59:28] "GET /admin/control_pane/dronecommand/ HTTP/1.1" 200 3448
[22/Jan/2019 15:59:28] "GET /admin/jsi18n/ HTTP/1.1" 200 14871
[22/Jan/2019 15:59:28] "GET /admin/control_pane/dronecommand/ HTTP/1.1" 200 3448
[22/Jan/2019 15:59:28] "GET /admin/jsi18n/ HTTP/1.1" 200 14871
[22/Jan/2019 15:59:29] "GET /admin/control_pane/dronecommand/ HTTP/1.1" 200 3448
[22/Jan/2019 15:59:29] "GET /admin/jsi18n/ HTTP/1.1" 200 14871
[22/Jan/2019 15:59:30] "GET /admin/control_pane/dronecommand/ HTTP/1.1" 200 3448
[22/Jan/2019 15:59:30] "GET /admin/jsi18n/ HTTP/1.1" 200 14871
[22/Jan/2019 15:59:31] "GET /admin/control_pane/dronecommand/ HTTP/1.1" 200 3448
[22/Jan/2019 15:59:31] "GET /admin/jsi18n/ HTTP/1.1" 200 14871
[22/Jan/2019 15:59:31] "GET /admin/control_pane/dronecommand/ HTTP/1.1" 200 3448
[22/Jan/2019 15:59:31] "GET /admin/jsi18n/ HTTP/1.1" 200 14871
[22/Jan/2019 15:59:31] "GET /admin/control_pane/dronecommand/ HTTP/1.1" 200 3448
[22/Jan/2019 15:59:31] "GET /admin/jsi18n/ HTTP/1.1" 200 14871
[22/Jan/2019 15:59:32] "GET /admin/control_pane/dronecommand/ HTTP/1.1" 200 3448
[22/Jan/2019 15:59:32] "GET /admin/jsi18n/ HTTP/1.1" 200 14871
[22/Jan/2019 15:59:32] "GET /admin/control_pane/dronecommand/ HTTP/1.1" 200 3448
[22/Jan/2019 15:59:32] "GET /admin/jsi18n/ HTTP/1.1" 200 14871
[22/Jan/2019 15:59:32] "GET /admin/control_pane/dronecommand/ HTTP/1.1" 200 3448
[22/Jan/2019 15:59:32] "GET /admin/jsi18n/ HTTP/1.1" 200 14871
[22/Jan/2019 15:59:33] "GET /admin/control_pane/ HTTP/1.1" 200 5806
[22/Jan/2019 15:59:34] "GET /admin/control_pane/route/ HTTP/1.1" 200 4738
[22/Jan/2019 15:59:34] "GET /admin/jsi18n/ HTTP/1.1" 200 14871
[22/Jan/2019 15:59:35] "GET /admin/control_pane/route/210/change/ HTTP/1.1" 200 8285
[22/Jan/2019 15:59:35] "GET /admin/jsi18n/ HTTP/1.1" 200 14871
[22/Jan/2019 15:59:35] "GET /admin/control_pane/route/210/change/ HTTP/1.1" 200 8285
[22/Jan/2019 15:59:35] "GET /admin/jsi18n/ HTTP/1.1" 200 14871
[22/Jan/2019 15:59:35] "GET /admin/control_pane/route/210/change/ HTTP/1.1" 200 8285
[22/Jan/2019 15:59:35] "GET /admin/jsi18n/ HTTP/1.1" 200 14871
[22/Jan/2019 15:59:36] "GET /admin/control_pane/route/210/change/ HTTP/1.1" 200 8285
[22/Jan/2019 15:59:36] "GET /admin/jsi18n/ HTTP/1.1" 200 14871
[22/Jan/2019 15:59:36] "GET /admin/control_pane/route/210/change/ HTTP/1.1" 200 8285
[22/Jan/2019 15:59:36] "GET /admin/jsi18n/ HTTP/1.1" 200 14871
[22/Jan/2019 15:59:36] "GET /admin/control_pane/route/210/change/ HTTP/1.1" 200 8285
[22/Jan/2019 15:59:36] "GET /admin/jsi18n/ HTTP/1.1" 200 14871
[22/Jan/2019 15:59:36] "GET /admin/control_pane/route/210/change/ HTTP/1.1" 200 8285
[22/Jan/2019 15:59:36] "GET /admin/jsi18n/ HTTP/1.1" 200 14871
[22/Jan/2019 15:59:36] "GET /admin/control_pane/route/210/change/ HTTP/1.1" 200 8285
[22/Jan/2019 15:59:36] "GET /admin/jsi18n/ HTTP/1.1" 200 14871
[22/Jan/2019 15:59:40] "GET /admin/control_pane/route/ HTTP/1.1" 200 4738
[22/Jan/2019 15:59:40] "GET /admin/jsi18n/ HTTP/1.1" 200 14871
[22/Jan/2019 15:59:40] "GET /admin/control_pane/ HTTP/1.1" 200 5806
[22/Jan/2019 15:59:42] "GET /admin/control_pane/dronecommand/ HTTP/1.1" 200 3448
[22/Jan/2019 15:59:42] "GET /admin/jsi18n/ HTTP/1.1" 200 14871
[22/Jan/2019 15:59:42] "GET /admin/control_pane/dronecommand/ HTTP/1.1" 200 3448
[22/Jan/2019 15:59:42] "GET /admin/jsi18n/ HTTP/1.1" 200 14871
[22/Jan/2019 15:59:42] "GET /admin/control_pane/dronecommand/ HTTP/1.1" 200 3448
[22/Jan/2019 15:59:42] "GET /admin/jsi18n/ HTTP/1.1" 200 14871
[22/Jan/2019 15:59:42] "GET /admin/control_pane/dronecommand/ HTTP/1.1" 200 3448
[22/Jan/2019 15:59:42] "GET /admin/jsi18n/ HTTP/1.1" 200 14871
[22/Jan/2019 15:59:43] "GET /admin/control_pane/dronecommand/ HTTP/1.1" 200 3448
[22/Jan/2019 15:59:43] "GET /admin/jsi18n/ HTTP/1.1" 200 14871
[22/Jan/2019 16:00:42] "GET /delete/ HTTP/1.1" 200 9943
[22/Jan/2019 16:00:42] "GET /control/ HTTP/1.1" 200 9943
[22/Jan/2019 16:00:43] "GET / HTTP/1.1" 200 1583
[22/Jan/2019 16:01:11] "GET /admin/control_pane/dronecommand/ HTTP/1.1" 302 0
[22/Jan/2019 16:01:11] "GET /admin/login/?next=/admin/control_pane/dronecommand/ HTTP/1.1" 200 1961
[22/Jan/2019 16:01:11] "GET /admin/login/?next=/admin/control_pane/dronecommand/ HTTP/1.1" 200 1961
[22/Jan/2019 16:01:12] "POST /admin/login/?next=/admin/control_pane/dronecommand/ HTTP/1.1" 302 0
[22/Jan/2019 16:01:12] "GET /admin/control_pane/dronecommand/ HTTP/1.1" 200 3448
[22/Jan/2019 16:01:12] "GET /admin/jsi18n/ HTTP/1.1" 200 14871
[22/Jan/2019 16:01:13] "GET /admin/control_pane/dronecommand/ HTTP/1.1" 200 3448
[22/Jan/2019 16:01:13] "GET /admin/jsi18n/ HTTP/1.1" 200 14871
[22/Jan/2019 16:01:13] "GET /admin/control_pane/dronecommand/ HTTP/1.1" 200 3448
[22/Jan/2019 16:01:13] "GET /admin/jsi18n/ HTTP/1.1" 200 14871
[22/Jan/2019 16:01:13] "GET /admin/control_pane/dronecommand/ HTTP/1.1" 200 3448
[22/Jan/2019 16:01:13] "GET /admin/jsi18n/ HTTP/1.1" 200 14871
[22/Jan/2019 16:01:13] "GET /admin/control_pane/dronecommand/ HTTP/1.1" 200 3448
[22/Jan/2019 16:01:13] "GET /admin/jsi18n/ HTTP/1.1" 200 14871
[22/Jan/2019 16:01:13] "GET /admin/control_pane/dronecommand/ HTTP/1.1" 200 3448
[22/Jan/2019 16:01:13] "GET /admin/jsi18n/ HTTP/1.1" 200 14871
[22/Jan/2019 16:01:14] "GET /admin/control_pane/dronecommand/ HTTP/1.1" 200 3448
[22/Jan/2019 16:01:14] "GET /admin/jsi18n/ HTTP/1.1" 200 14871
[22/Jan/2019 16:01:45] "GET /admin/control_pane/dronecommand/ HTTP/1.1" 200 3448
[22/Jan/2019 16:01:45] "GET /admin/jsi18n/ HTTP/1.1" 200 14871
[22/Jan/2019 16:01:46] "GET /admin/control_pane/dronecommand/ HTTP/1.1" 200 3448
[22/Jan/2019 16:01:46] "GET /admin/jsi18n/ HTTP/1.1" 200 14871
[22/Jan/2019 16:01:46] "GET /admin/control_pane/dronecommand/ HTTP/1.1" 200 3448
[22/Jan/2019 16:01:46] "GET /admin/jsi18n/ HTTP/1.1" 200 14871
[22/Jan/2019 16:01:47] "GET /admin/control_pane/dronecommand/ HTTP/1.1" 200 3448
[22/Jan/2019 16:01:47] "GET /admin/jsi18n/ HTTP/1.1" 200 14871
[22/Jan/2019 16:01:47] "GET /admin/control_pane/dronecommand/ HTTP/1.1" 200 3448
[22/Jan/2019 16:01:47] "GET /admin/jsi18n/ HTTP/1.1" 200 14871
[22/Jan/2019 16:01:47] "GET /admin/control_pane/dronecommand/ HTTP/1.1" 200 3448
[22/Jan/2019 16:01:47] "GET /admin/jsi18n/ HTTP/1.1" 200 14871
[22/Jan/2019 16:01:48] "GET /admin/control_pane/dronecommand/ HTTP/1.1" 200 3448
[22/Jan/2019 16:01:48] "GET /admin/jsi18n/ HTTP/1.1" 200 14871
[22/Jan/2019 16:01:48] "GET /admin/control_pane/dronecommand/ HTTP/1.1" 200 3448
[22/Jan/2019 16:01:48] "GET /admin/jsi18n/ HTTP/1.1" 200 14871
[22/Jan/2019 16:01:48] "GET /admin/control_pane/dronecommand/ HTTP/1.1" 200 3448
[22/Jan/2019 16:01:48] "GET /admin/jsi18n/ HTTP/1.1" 200 14871
[22/Jan/2019 16:01:49] "GET /admin/control_pane/dronecommand/ HTTP/1.1" 200 3448
[22/Jan/2019 16:01:49] "GET /admin/jsi18n/ HTTP/1.1" 200 14871
[22/Jan/2019 16:01:49] "GET /admin/control_pane/dronecommand/ HTTP/1.1" 200 3448
[22/Jan/2019 16:01:49] "GET /admin/jsi18n/ HTTP/1.1" 200 14871
[22/Jan/2019 16:01:49] "GET /admin/control_pane/dronecommand/ HTTP/1.1" 200 3448
[22/Jan/2019 16:01:49] "GET /admin/jsi18n/ HTTP/1.1" 200 14871
[22/Jan/2019 16:01:50] "GET /admin/control_pane/dronecommand/ HTTP/1.1" 200 3448
[22/Jan/2019 16:01:50] "GET /admin/jsi18n/ HTTP/1.1" 200 14871
[22/Jan/2019 16:01:50] "GET /admin/control_pane/dronecommand/ HTTP/1.1" 200 3448
[22/Jan/2019 16:01:50] "GET /admin/jsi18n/ HTTP/1.1" 200 14871
[22/Jan/2019 16:01:50] "GET /admin/control_pane/dronecommand/ HTTP/1.1" 200 3448
[22/Jan/2019 16:01:50] "GET /admin/jsi18n/ HTTP/1.1" 200 14871
[22/Jan/2019 16:01:50] "GET /admin/control_pane/dronecommand/ HTTP/1.1" 200 3448
[22/Jan/2019 16:01:50] "GET /admin/jsi18n/ HTTP/1.1" 200 14871
[22/Jan/2019 16:01:51] "GET /admin/control_pane/dronecommand/ HTTP/1.1" 200 3448
[22/Jan/2019 16:01:51] "GET /admin/jsi18n/ HTTP/1.1" 200 14871
[22/Jan/2019 16:01:51] "GET /admin/control_pane/dronecommand/ HTTP/1.1" 200 3448
[22/Jan/2019 16:01:51] "GET /admin/jsi18n/ HTTP/1.1" 200 14871
[22/Jan/2019 16:01:51] "GET /admin/control_pane/dronecommand/ HTTP/1.1" 200 3448
[22/Jan/2019 16:01:51] "GET /admin/jsi18n/ HTTP/1.1" 200 14871
[22/Jan/2019 16:01:54] "GET /control/ HTTP/1.1" 200 9945
[22/Jan/2019 16:01:55] "GET /delete/ HTTP/1.1" 200 9943
[22/Jan/2019 16:01:55] "GET /control/ HTTP/1.1" 200 9943
[22/Jan/2019 16:02:03] "GET /admin/control_pane/dronecommand/ HTTP/1.1" 200 3448
[22/Jan/2019 16:02:03] "GET /admin/jsi18n/ HTTP/1.1" 200 14871
[22/Jan/2019 16:02:03] "GET /admin/control_pane/dronecommand/ HTTP/1.1" 200 3448
[22/Jan/2019 16:02:03] "GET /admin/jsi18n/ HTTP/1.1" 200 14871
[22/Jan/2019 16:02:04] "GET /admin/control_pane/dronecommand/ HTTP/1.1" 200 3448
[22/Jan/2019 16:02:04] "GET /admin/jsi18n/ HTTP/1.1" 200 14871
[22/Jan/2019 16:02:04] "GET /admin/control_pane/dronecommand/ HTTP/1.1" 200 3448
[22/Jan/2019 16:02:04] "GET /admin/jsi18n/ HTTP/1.1" 200 14871
[22/Jan/2019 16:02:04] "GET /admin/control_pane/dronecommand/ HTTP/1.1" 200 3448
[22/Jan/2019 16:02:04] "GET /admin/jsi18n/ HTTP/1.1" 200 14871
[22/Jan/2019 16:02:04] "GET /admin/control_pane/dronecommand/ HTTP/1.1" 200 3448
[22/Jan/2019 16:02:04] "GET /admin/jsi18n/ HTTP/1.1" 200 14871
[22/Jan/2019 16:02:05] "GET /admin/control_pane/dronecommand/ HTTP/1.1" 200 3448
[22/Jan/2019 16:02:05] "GET /admin/jsi18n/ HTTP/1.1" 200 14871
[22/Jan/2019 16:02:05] "GET /admin/control_pane/dronecommand/ HTTP/1.1" 200 3448
[22/Jan/2019 16:02:05] "GET /admin/jsi18n/ HTTP/1.1" 200 14871
[22/Jan/2019 16:02:05] "GET /admin/control_pane/dronecommand/ HTTP/1.1" 200 3448
[22/Jan/2019 16:02:05] "GET /admin/jsi18n/ HTTP/1.1" 200 14871
[22/Jan/2019 16:04:38] "GET /admin/control_pane/dronecommand/ HTTP/1.1" 200 5762
[22/Jan/2019 16:04:38] "GET /admin/jsi18n/ HTTP/1.1" 200 14871
[22/Jan/2019 16:04:39] "GET /admin/control_pane/dronecommand/ HTTP/1.1" 200 5762
[22/Jan/2019 16:04:39] "GET /admin/jsi18n/ HTTP/1.1" 200 14871
[22/Jan/2019 16:04:39] "GET /admin/control_pane/dronecommand/ HTTP/1.1" 200 5762
[22/Jan/2019 16:04:39] "GET /admin/jsi18n/ HTTP/1.1" 200 14871
[22/Jan/2019 16:04:39] "GET /admin/control_pane/dronecommand/1264/change/ HTTP/1.1" 200 9240
[22/Jan/2019 16:04:39] "GET /admin/jsi18n/ HTTP/1.1" 200 14871
[22/Jan/2019 16:04:40] "GET /admin/control_pane/dronecommand/1264/change/ HTTP/1.1" 200 9240
[22/Jan/2019 16:04:40] "GET /admin/jsi18n/ HTTP/1.1" 200 14871
[22/Jan/2019 16:04:40] "GET /admin/control_pane/dronecommand/1264/change/ HTTP/1.1" 200 9240
[22/Jan/2019 16:04:40] "GET /admin/jsi18n/ HTTP/1.1" 200 14871
[22/Jan/2019 16:04:40] "GET /admin/control_pane/dronecommand/1264/change/ HTTP/1.1" 200 9240
[22/Jan/2019 16:04:40] "GET /admin/jsi18n/ HTTP/1.1" 200 14871
[22/Jan/2019 16:04:44] "GET /admin/control_pane/ HTTP/1.1" 200 5806
[22/Jan/2019 16:04:45] "GET /admin/control_pane/exchangeobject/ HTTP/1.1" 200 5975
[22/Jan/2019 16:04:45] "GET /admin/jsi18n/ HTTP/1.1" 200 14871
[22/Jan/2019 16:04:46] "GET /admin/control_pane/exchangeobject/105713/change/ HTTP/1.1" 200 5132
[22/Jan/2019 16:04:46] "GET /admin/jsi18n/ HTTP/1.1" 200 14871
[22/Jan/2019 16:04:47] "GET /admin/control_pane/exchangeobject/ HTTP/1.1" 200 5975
[22/Jan/2019 16:04:47] "GET /admin/jsi18n/ HTTP/1.1" 200 14871
[22/Jan/2019 16:04:48] "GET /admin/control_pane/exchangeobject/ HTTP/1.1" 200 5975
[22/Jan/2019 16:04:48] "GET /admin/jsi18n/ HTTP/1.1" 200 14871
[22/Jan/2019 16:04:48] "GET /admin/control_pane/exchangeobject/ HTTP/1.1" 200 5975
[22/Jan/2019 16:04:48] "GET /admin/jsi18n/ HTTP/1.1" 200 14871
[22/Jan/2019 16:04:48] "GET /admin/control_pane/exchangeobject/ HTTP/1.1" 200 5975
[22/Jan/2019 16:04:48] "GET /admin/jsi18n/ HTTP/1.1" 200 14871
[22/Jan/2019 16:04:48] "GET /admin/control_pane/exchangeobject/ HTTP/1.1" 200 5975
[22/Jan/2019 16:04:48] "GET /admin/jsi18n/ HTTP/1.1" 200 14871
[22/Jan/2019 16:04:49] "GET /admin/control_pane/exchangeobject/ HTTP/1.1" 200 5975
[22/Jan/2019 16:04:49] "GET /admin/jsi18n/ HTTP/1.1" 200 14871
[22/Jan/2019 16:05:02] "GET /admin/control_pane/exchangeobject/105709/change/ HTTP/1.1" 200 5132
[22/Jan/2019 16:05:02] "GET /admin/jsi18n/ HTTP/1.1" 200 14871
Performing system checks...

System check identified no issues (0 silenced).
January 22, 2019 - 15:36:04
Django version 2.1.5, using settings 'project.settings'
Starting development server at http://0:8085/
Quit the server with CONTROL-C.
[22/Jan/2019 19:45:59] "GET / HTTP/1.1" 200 1583
[22/Jan/2019 19:46:00] "GET /static/js/bootstrap.min.js HTTP/1.1" 200 37051
[22/Jan/2019 19:46:00] "GET /static/css/custom.css HTTP/1.1" 200 6947
[22/Jan/2019 19:46:00] "GET /static/css/bootstrap.min.css HTTP/1.1" 200 121205
[22/Jan/2019 19:46:00] "GET /static/js/jquery.min.js HTTP/1.1" 200 97166
[22/Jan/2019 19:46:00] "GET /static/favicon.ico HTTP/1.1" 200 61280
[22/Jan/2019 19:46:01] "GET /admin HTTP/1.1" 301 0
[22/Jan/2019 19:46:01] "GET /admin/ HTTP/1.1" 302 0
[22/Jan/2019 19:46:01] "GET /admin/login/?next=/admin/ HTTP/1.1" 200 1909
[22/Jan/2019 19:46:01] "GET /static/admin/css/login.css HTTP/1.1" 200 1203
[22/Jan/2019 19:46:01] "GET /static/admin/css/base.css HTTP/1.1" 304 0
[22/Jan/2019 19:46:01] "GET /static/admin/css/responsive.css HTTP/1.1" 200 17976
[22/Jan/2019 19:46:01] "GET /static/admin/css/fonts.css HTTP/1.1" 200 423
Not Found: /favicon.ico
[22/Jan/2019 19:46:01] "GET /favicon.ico HTTP/1.1" 404 2613
[22/Jan/2019 19:46:01] "GET /static/admin/fonts/Roboto-Regular-webfont.woff HTTP/1.1" 200 80304
[22/Jan/2019 19:46:01] "GET /static/admin/fonts/Roboto-Light-webfont.woff HTTP/1.1" 200 81348
[22/Jan/2019 19:46:05] "POST /admin/login/?next=/admin/ HTTP/1.1" 302 0
[22/Jan/2019 19:46:05] "GET /admin/ HTTP/1.1" 200 10047
[22/Jan/2019 19:46:05] "GET /static/admin/css/responsive.css HTTP/1.1" 304 0
[22/Jan/2019 19:46:05] "GET /static/admin/css/dashboard.css HTTP/1.1" 200 412
[22/Jan/2019 19:46:05] "GET /static/admin/img/icon-addlink.svg HTTP/1.1" 200 331
[22/Jan/2019 19:46:05] "GET /static/admin/img/icon-changelink.svg HTTP/1.1" 200 380
[22/Jan/2019 19:46:05] "GET /static/admin/img/icon-deletelink.svg HTTP/1.1" 200 392
[22/Jan/2019 19:46:05] "GET /static/admin/fonts/Roboto-Bold-webfont.woff HTTP/1.1" 200 82564
[22/Jan/2019 19:46:06] "GET /admin/control_pane/dronecommand/ HTTP/1.1" 200 7020
[22/Jan/2019 19:46:07] "GET /static/admin/js/jquery.init.js HTTP/1.1" 200 363
[22/Jan/2019 19:46:07] "GET /static/admin/js/admin/RelatedObjectLookups.js HTTP/1.1" 200 6918
[22/Jan/2019 19:46:07] "GET /admin/jsi18n/ HTTP/1.1" 200 14871
[22/Jan/2019 19:46:07] "GET /static/admin/css/changelists.css HTTP/1.1" 200 6170
[22/Jan/2019 19:46:07] "GET /static/admin/js/core.js HTTP/1.1" 200 7135
[22/Jan/2019 19:46:07] "GET /static/admin/js/actions.js HTTP/1.1" 200 6538
[22/Jan/2019 19:46:07] "GET /static/admin/js/vendor/jquery/jquery.js HTTP/1.1" 200 271751
[22/Jan/2019 19:46:07] "GET /static/admin/js/urlify.js HTTP/1.1" 200 8972
[22/Jan/2019 19:46:07] "GET /static/admin/css/responsive.css HTTP/1.1" 200 17976
[22/Jan/2019 19:46:07] "GET /static/admin/js/prepopulate.js HTTP/1.1" 200 1530
[22/Jan/2019 19:46:07] "GET /static/admin/js/vendor/xregexp/xregexp.js HTTP/1.1" 200 128820
[22/Jan/2019 19:46:07] "GET /static/admin/img/tooltag-add.svg HTTP/1.1" 200 331
[22/Jan/2019 19:46:08] "GET /admin/control_pane/dronecommand/ HTTP/1.1" 200 7020
[22/Jan/2019 19:46:08] "GET /static/admin/css/base.css HTTP/1.1" 304 0
[22/Jan/2019 19:46:08] "GET /static/admin/css/changelists.css HTTP/1.1" 304 0
[22/Jan/2019 19:46:08] "GET /static/admin/js/jquery.init.js HTTP/1.1" 304 0
[22/Jan/2019 19:46:08] "GET /static/admin/js/vendor/jquery/jquery.js HTTP/1.1" 304 0
[22/Jan/2019 19:46:08] "GET /static/admin/js/core.js HTTP/1.1" 304 0
[22/Jan/2019 19:46:08] "GET /admin/jsi18n/ HTTP/1.1" 200 14871
[22/Jan/2019 19:46:08] "GET /static/admin/js/actions.js HTTP/1.1" 304 0
[22/Jan/2019 19:46:08] "GET /static/admin/js/admin/RelatedObjectLookups.js HTTP/1.1" 304 0
[22/Jan/2019 19:46:08] "GET /static/admin/js/urlify.js HTTP/1.1" 304 0
[22/Jan/2019 19:46:08] "GET /static/admin/js/prepopulate.js HTTP/1.1" 304 0
[22/Jan/2019 19:46:08] "GET /static/admin/js/vendor/xregexp/xregexp.js HTTP/1.1" 304 0
[22/Jan/2019 19:46:08] "GET /static/admin/css/responsive.css HTTP/1.1" 304 0
[22/Jan/2019 19:46:08] "GET /static/admin/css/fonts.css HTTP/1.1" 304 0
[22/Jan/2019 19:46:08] "GET /static/admin/img/tooltag-add.svg HTTP/1.1" 304 0
[22/Jan/2019 19:46:14] "GET / HTTP/1.1" 200 1583
[22/Jan/2019 19:46:14] "GET /static/css/custom.css HTTP/1.1" 200 6947
[22/Jan/2019 19:46:14] "GET /static/css/bootstrap.min.css HTTP/1.1" 200 121205
[22/Jan/2019 19:46:15] "GET /static/favicon.ico HTTP/1.1" 200 61280
[22/Jan/2019 19:46:16] "GET /control HTTP/1.1" 301 0
[22/Jan/2019 19:46:16] "GET /control/ HTTP/1.1" 200 11635
[22/Jan/2019 19:46:16] "GET /static/js/control_pane/page_builder.js HTTP/1.1" 200 13893
[22/Jan/2019 19:46:16] "GET /static/js/control_pane/base.js HTTP/1.1" 200 404
[22/Jan/2019 19:46:16] "GET /static/js/control_pane/copter.js HTTP/1.1" 200 909
[22/Jan/2019 19:46:16] "GET /static/js/control_pane/ws_messages.js HTTP/1.1" 200 3068
[22/Jan/2019 19:46:16] "GET /static/js/control_pane/ws_listener.js HTTP/1.1" 200 6064
[22/Jan/2019 19:46:16] "GET /static/js/control_pane/JCControllPane.js HTTP/1.1" 200 1807
[22/Jan/2019 19:46:16] "GET /static/js/control_pane/map_control.js HTTP/1.1" 200 5454
[22/Jan/2019 19:46:16] "GET /static/js/control_pane/map_object_template.js HTTP/1.1" 200 10146
[22/Jan/2019 19:46:16] "GET /static/js/control_pane/map_drawing.js HTTP/1.1" 200 138
[22/Jan/2019 19:46:17] "GET /delete HTTP/1.1" 301 0
[22/Jan/2019 19:46:17] "GET /delete/ HTTP/1.1" 200 9943
[22/Jan/2019 19:46:17] "GET /control/ HTTP/1.1" 200 9943
[22/Jan/2019 19:46:18] "GET /static/favicon.ico HTTP/1.1" 200 61280
[22/Jan/2019 19:46:19] "GET / HTTP/1.1" 200 1583
[22/Jan/2019 19:46:20] "GET /admin/ HTTP/1.1" 200 10047
[22/Jan/2019 19:46:21] "GET /static/admin/css/dashboard.css HTTP/1.1" 200 412
[22/Jan/2019 19:46:21] "GET /static/admin/css/responsive.css HTTP/1.1" 200 17976
[22/Jan/2019 19:46:21] "GET /static/admin/css/base.css HTTP/1.1" 200 16225
Not Found: /favicon.ico
[22/Jan/2019 19:46:21] "GET /favicon.ico HTTP/1.1" 404 2613
[22/Jan/2019 19:46:23] "GET /admin/control_pane/dronecommand/ HTTP/1.1" 200 3448
[22/Jan/2019 19:46:23] "GET /admin/jsi18n/ HTTP/1.1" 200 14871
[22/Jan/2019 19:46:23] "GET /static/admin/css/fonts.css HTTP/1.1" 200 423
[22/Jan/2019 19:46:23] "GET /static/admin/img/tooltag-add.svg HTTP/1.1" 200 331
[22/Jan/2019 19:46:38] "GET /admin/control_pane/dronecommand/ HTTP/1.1" 200 5762
[22/Jan/2019 19:46:39] "GET /static/admin/js/jquery.init.js HTTP/1.1" 304 0
[22/Jan/2019 19:46:39] "GET /static/admin/js/vendor/jquery/jquery.js HTTP/1.1" 304 0
[22/Jan/2019 19:46:39] "GET /admin/jsi18n/ HTTP/1.1" 200 14871
[22/Jan/2019 19:46:39] "GET /static/admin/js/admin/RelatedObjectLookups.js HTTP/1.1" 304 0
[22/Jan/2019 19:46:39] "GET /static/admin/js/core.js HTTP/1.1" 304 0
[22/Jan/2019 19:46:39] "GET /static/admin/js/actions.js HTTP/1.1" 304 0
[22/Jan/2019 19:46:39] "GET /static/admin/js/urlify.js HTTP/1.1" 304 0
[22/Jan/2019 19:46:39] "GET /static/admin/js/prepopulate.js HTTP/1.1" 304 0
[22/Jan/2019 19:46:39] "GET /static/admin/js/vendor/xregexp/xregexp.js HTTP/1.1" 304 0
[22/Jan/2019 19:46:39] "GET /static/admin/css/base.css HTTP/1.1" 200 16225
[22/Jan/2019 19:46:39] "GET /static/admin/css/changelists.css HTTP/1.1" 200 6170
[22/Jan/2019 19:46:39] "GET /static/admin/css/responsive.css HTTP/1.1" 200 17976
[22/Jan/2019 19:46:39] "GET /static/admin/css/fonts.css HTTP/1.1" 200 423
[22/Jan/2019 19:46:39] "GET /static/admin/img/tooltag-add.svg HTTP/1.1" 200 331
Not Found: /favicon.ico
[22/Jan/2019 19:46:39] "GET /favicon.ico HTTP/1.1" 404 2613
[22/Jan/2019 19:46:39] "GET /admin/control_pane/dronecommand/ HTTP/1.1" 200 5762
[22/Jan/2019 19:46:39] "GET /static/admin/css/changelists.css HTTP/1.1" 304 0
[22/Jan/2019 19:46:39] "GET /static/admin/js/jquery.init.js HTTP/1.1" 304 0
[22/Jan/2019 19:46:39] "GET /static/admin/css/base.css HTTP/1.1" 304 0
[22/Jan/2019 19:46:39] "GET /static/admin/js/vendor/jquery/jquery.js HTTP/1.1" 304 0
[22/Jan/2019 19:46:39] "GET /static/admin/js/core.js HTTP/1.1" 304 0
[22/Jan/2019 19:46:39] "GET /admin/jsi18n/ HTTP/1.1" 200 14871
[22/Jan/2019 19:46:39] "GET /static/admin/js/admin/RelatedObjectLookups.js HTTP/1.1" 304 0
[22/Jan/2019 19:46:39] "GET /static/admin/js/actions.js HTTP/1.1" 304 0
[22/Jan/2019 19:46:39] "GET /static/admin/js/urlify.js HTTP/1.1" 304 0
[22/Jan/2019 19:46:39] "GET /static/admin/js/prepopulate.js HTTP/1.1" 304 0
[22/Jan/2019 19:46:39] "GET /static/admin/js/vendor/xregexp/xregexp.js HTTP/1.1" 304 0
[22/Jan/2019 19:46:39] "GET /static/admin/css/responsive.css HTTP/1.1" 304 0
[22/Jan/2019 19:46:39] "GET /static/admin/css/fonts.css HTTP/1.1" 304 0
[22/Jan/2019 19:46:39] "GET /static/admin/img/tooltag-add.svg HTTP/1.1" 304 0
[22/Jan/2019 19:46:45] "GET /admin/control_pane/dronecommand/ HTTP/1.1" 200 5762
[22/Jan/2019 19:46:45] "GET /static/admin/css/changelists.css HTTP/1.1" 304 0
[22/Jan/2019 19:46:45] "GET /static/admin/js/vendor/jquery/jquery.js HTTP/1.1" 304 0
[22/Jan/2019 19:46:45] "GET /static/admin/css/base.css HTTP/1.1" 304 0
[22/Jan/2019 19:46:45] "GET /static/admin/js/jquery.init.js HTTP/1.1" 304 0
[22/Jan/2019 19:46:45] "GET /static/admin/js/core.js HTTP/1.1" 304 0
[22/Jan/2019 19:46:45] "GET /admin/jsi18n/ HTTP/1.1" 200 14871
[22/Jan/2019 19:46:45] "GET /static/admin/js/admin/RelatedObjectLookups.js HTTP/1.1" 304 0
[22/Jan/2019 19:46:45] "GET /static/admin/js/actions.js HTTP/1.1" 304 0
[22/Jan/2019 19:46:45] "GET /static/admin/js/urlify.js HTTP/1.1" 304 0
[22/Jan/2019 19:46:45] "GET /static/admin/js/prepopulate.js HTTP/1.1" 304 0
[22/Jan/2019 19:46:45] "GET /static/admin/js/vendor/xregexp/xregexp.js HTTP/1.1" 304 0
[22/Jan/2019 19:46:45] "GET /static/admin/css/responsive.css HTTP/1.1" 304 0
[22/Jan/2019 19:46:45] "GET /static/admin/css/fonts.css HTTP/1.1" 304 0
[22/Jan/2019 19:46:45] "GET /static/admin/img/tooltag-add.svg HTTP/1.1" 304 0
[22/Jan/2019 19:46:46] "GET /admin/control_pane/dronecommand/1274/change/ HTTP/1.1" 200 9241
[22/Jan/2019 19:46:46] "GET /static/admin/js/prepopulate_init.js HTTP/1.1" 200 495
[22/Jan/2019 19:46:46] "GET /static/admin/css/base.css HTTP/1.1" 200 16225
[22/Jan/2019 19:46:46] "GET /static/admin/js/change_form.js HTTP/1.1" 200 712
[22/Jan/2019 19:46:46] "GET /static/admin/css/responsive.css HTTP/1.1" 200 17976
[22/Jan/2019 19:46:46] "GET /static/admin/css/forms.css HTTP/1.1" 200 8505
[22/Jan/2019 19:46:46] "GET /admin/jsi18n/ HTTP/1.1" 200 14871
[22/Jan/2019 19:46:46] "GET /static/admin/css/fonts.css HTTP/1.1" 200 423
[22/Jan/2019 19:46:46] "GET /static/admin/css/widgets.css HTTP/1.1" 200 10340
Not Found: /favicon.ico
[22/Jan/2019 19:46:46] "GET /favicon.ico HTTP/1.1" 404 2613
[22/Jan/2019 19:49:29] "GET /admin/control_pane/dronecommand/1274/change/ HTTP/1.1" 200 9241
[22/Jan/2019 19:49:29] "GET /static/admin/css/base.css HTTP/1.1" 304 0
[22/Jan/2019 19:49:29] "GET /static/admin/js/vendor/jquery/jquery.js HTTP/1.1" 304 0
[22/Jan/2019 19:49:29] "GET /static/admin/css/forms.css HTTP/1.1" 304 0
[22/Jan/2019 19:49:29] "GET /static/admin/js/core.js HTTP/1.1" 304 0
[22/Jan/2019 19:49:29] "GET /static/admin/js/admin/RelatedObjectLookups.js HTTP/1.1" 304 0
[22/Jan/2019 19:49:29] "GET /static/admin/js/jquery.init.js HTTP/1.1" 304 0
[22/Jan/2019 19:49:29] "GET /admin/jsi18n/ HTTP/1.1" 200 14871
[22/Jan/2019 19:49:29] "GET /static/admin/js/actions.js HTTP/1.1" 304 0
[22/Jan/2019 19:49:29] "GET /static/admin/js/urlify.js HTTP/1.1" 304 0
[22/Jan/2019 19:49:29] "GET /static/admin/js/prepopulate.js HTTP/1.1" 304 0
[22/Jan/2019 19:49:29] "GET /static/admin/js/vendor/xregexp/xregexp.js HTTP/1.1" 304 0
[22/Jan/2019 19:49:29] "GET /static/admin/css/responsive.css HTTP/1.1" 304 0
[22/Jan/2019 19:49:29] "GET /static/admin/js/change_form.js HTTP/1.1" 304 0
[22/Jan/2019 19:49:29] "GET /static/admin/js/prepopulate_init.js HTTP/1.1" 304 0
[22/Jan/2019 19:49:29] "GET /static/admin/css/fonts.css HTTP/1.1" 304 0
[22/Jan/2019 19:49:29] "GET /static/admin/css/widgets.css HTTP/1.1" 304 0
[22/Jan/2019 19:49:29] "GET /static/admin/img/icon-changelink.svg HTTP/1.1" 200 380
[22/Jan/2019 19:49:29] "GET /static/admin/img/icon-addlink.svg HTTP/1.1" 200 331
[22/Jan/2019 19:49:29] "GET /admin/control_pane/dronecommand/1274/change/ HTTP/1.1" 200 9241
[22/Jan/2019 19:49:29] "GET /static/admin/css/forms.css HTTP/1.1" 304 0
[22/Jan/2019 19:49:29] "GET /static/admin/js/vendor/jquery/jquery.js HTTP/1.1" 304 0
[22/Jan/2019 19:49:29] "GET /static/admin/css/base.css HTTP/1.1" 304 0
[22/Jan/2019 19:49:29] "GET /static/admin/js/jquery.init.js HTTP/1.1" 304 0
[22/Jan/2019 19:49:29] "GET /static/admin/js/core.js HTTP/1.1" 304 0
[22/Jan/2019 19:49:29] "GET /admin/jsi18n/ HTTP/1.1" 200 14871
[22/Jan/2019 19:49:29] "GET /static/admin/js/admin/RelatedObjectLookups.js HTTP/1.1" 304 0
[22/Jan/2019 19:49:29] "GET /static/admin/js/actions.js HTTP/1.1" 304 0
[22/Jan/2019 19:49:29] "GET /static/admin/js/urlify.js HTTP/1.1" 304 0
[22/Jan/2019 19:49:29] "GET /static/admin/js/prepopulate.js HTTP/1.1" 304 0
[22/Jan/2019 19:49:29] "GET /static/admin/js/vendor/xregexp/xregexp.js HTTP/1.1" 304 0
[22/Jan/2019 19:49:29] "GET /static/admin/css/responsive.css HTTP/1.1" 304 0
[22/Jan/2019 19:49:29] "GET /static/admin/js/change_form.js HTTP/1.1" 304 0
[22/Jan/2019 19:49:29] "GET /static/admin/js/prepopulate_init.js HTTP/1.1" 304 0
[22/Jan/2019 19:49:29] "GET /static/admin/css/widgets.css HTTP/1.1" 304 0
[22/Jan/2019 19:49:29] "GET /static/admin/css/fonts.css HTTP/1.1" 304 0
[22/Jan/2019 19:49:29] "GET /static/admin/img/icon-addlink.svg HTTP/1.1" 304 0
[22/Jan/2019 19:49:29] "GET /static/admin/img/icon-changelink.svg HTTP/1.1" 304 0
[22/Jan/2019 19:51:29] "GET /admin/control_pane/dronecommand/1274/change/ HTTP/1.1" 302 0
[22/Jan/2019 19:51:29] "GET /admin/login/?next=/admin/control_pane/dronecommand/1274/change/ HTTP/1.1" 200 1985
[22/Jan/2019 19:51:29] "GET /static/admin/css/base.css HTTP/1.1" 200 16225
[22/Jan/2019 19:51:29] "GET /static/admin/css/login.css HTTP/1.1" 200 1203
[22/Jan/2019 19:51:29] "GET /static/admin/css/responsive.css HTTP/1.1" 200 17976
[22/Jan/2019 19:51:29] "GET /static/admin/css/fonts.css HTTP/1.1" 304 0
Not Found: /favicon.ico
[22/Jan/2019 19:51:29] "GET /favicon.ico HTTP/1.1" 404 2613
[22/Jan/2019 19:51:31] "POST /admin/login/?next=/admin/control_pane/dronecommand/1274/change/ HTTP/1.1" 302 0
[22/Jan/2019 19:51:31] "GET /admin/control_pane/dronecommand/1274/change/ HTTP/1.1" 200 9241
[22/Jan/2019 19:51:31] "GET /static/admin/css/base.css HTTP/1.1" 200 16225
[22/Jan/2019 19:51:31] "GET /admin/jsi18n/ HTTP/1.1" 200 14871
[22/Jan/2019 19:51:31] "GET /static/admin/css/fonts.css HTTP/1.1" 200 423
[22/Jan/2019 19:51:32] "GET /admin/control_pane/ HTTP/1.1" 200 5806
[22/Jan/2019 19:51:32] "GET /static/admin/css/dashboard.css HTTP/1.1" 200 412
[22/Jan/2019 19:51:34] "GET /admin/control_pane/dronecommand/ HTTP/1.1" 200 5762
[22/Jan/2019 19:51:34] "GET /admin/jsi18n/ HTTP/1.1" 200 14871
[22/Jan/2019 19:51:34] "GET /static/admin/img/tooltag-add.svg HTTP/1.1" 200 331
[22/Jan/2019 19:51:35] "GET /admin/control_pane/dronecommand/1274/change/ HTTP/1.1" 200 9241
[22/Jan/2019 19:51:35] "GET /admin/jsi18n/ HTTP/1.1" 200 14871
Not Found: /favicon.ico
[22/Jan/2019 19:51:35] "GET /favicon.ico HTTP/1.1" 404 2613
[22/Jan/2019 19:51:36] "GET /admin/control_pane/dronecommand/ HTTP/1.1" 200 5762
[22/Jan/2019 19:51:36] "GET /static/admin/css/base.css HTTP/1.1" 200 16225
[22/Jan/2019 19:51:36] "GET /static/admin/css/responsive.css HTTP/1.1" 200 17976
[22/Jan/2019 19:51:37] "GET /admin/control_pane/dronecommand/1273/change/ HTTP/1.1" 200 9240
[22/Jan/2019 19:51:37] "GET /admin/jsi18n/ HTTP/1.1" 200 14871
[22/Jan/2019 19:51:38] "GET /admin/control_pane/dronecommand/ HTTP/1.1" 200 5762
[22/Jan/2019 19:51:40] "GET /admin/control_pane/dronecommand/1272/change/ HTTP/1.1" 200 9241
[22/Jan/2019 19:51:40] "GET /admin/jsi18n/ HTTP/1.1" 200 14871
[22/Jan/2019 19:51:40] "GET /admin/control_pane/dronecommand/ HTTP/1.1" 200 5762
[22/Jan/2019 19:51:42] "GET /admin/control_pane/dronecommand/1271/change/ HTTP/1.1" 200 9240
[22/Jan/2019 19:51:42] "GET /static/admin/css/responsive.css HTTP/1.1" 200 17976
[22/Jan/2019 19:51:42] "GET /admin/jsi18n/ HTTP/1.1" 200 14871
[22/Jan/2019 19:51:42] "GET /static/admin/css/forms.css HTTP/1.1" 200 8505
[22/Jan/2019 19:51:42] "GET /static/admin/css/fonts.css HTTP/1.1" 200 423
[22/Jan/2019 19:51:42] "GET /static/admin/css/widgets.css HTTP/1.1" 200 10340
Not Found: /favicon.ico
[22/Jan/2019 19:51:42] "GET /favicon.ico HTTP/1.1" 404 2613
[22/Jan/2019 19:51:43] "GET /admin/control_pane/dronecommand/ HTTP/1.1" 200 5762
[22/Jan/2019 19:51:44] "GET /admin/control_pane/dronecommand/1270/change/ HTTP/1.1" 200 9241
[22/Jan/2019 19:51:44] "GET /admin/jsi18n/ HTTP/1.1" 200 14871
[22/Jan/2019 19:51:44] "GET /admin/control_pane/dronecommand/ HTTP/1.1" 200 5762
[22/Jan/2019 19:51:45] "GET /admin/control_pane/ HTTP/1.1" 200 5806
[22/Jan/2019 19:51:45] "GET /static/admin/css/dashboard.css HTTP/1.1" 200 412
[22/Jan/2019 19:51:46] "GET /admin/control_pane/route/ HTTP/1.1" 200 4738
[22/Jan/2019 19:51:46] "GET /admin/jsi18n/ HTTP/1.1" 200 14871
[22/Jan/2019 19:51:47] "GET /static/admin/css/fonts.css HTTP/1.1" 200 423
Not Found: /favicon.ico
[22/Jan/2019 19:51:47] "GET /favicon.ico HTTP/1.1" 404 2613
[22/Jan/2019 19:51:47] "GET /admin/control_pane/route/214/change/ HTTP/1.1" 200 8433
[22/Jan/2019 19:51:47] "GET /static/admin/css/forms.css HTTP/1.1" 200 8505
[22/Jan/2019 19:51:47] "GET /admin/jsi18n/ HTTP/1.1" 200 14871
[22/Jan/2019 19:51:48] "GET /admin/control_pane/route/ HTTP/1.1" 200 4738
[22/Jan/2019 19:51:50] "GET /admin/control_pane/ HTTP/1.1" 200 5806
[22/Jan/2019 19:51:50] "GET /static/admin/css/dashboard.css HTTP/1.1" 200 412
[22/Jan/2019 19:51:51] "GET /admin/control_pane/exchangeobject/ HTTP/1.1" 200 3501
[22/Jan/2019 19:51:51] "GET /admin/jsi18n/ HTTP/1.1" 200 14871
[22/Jan/2019 19:51:52] "GET /static/admin/css/fonts.css HTTP/1.1" 200 423
Not Found: /favicon.ico
[22/Jan/2019 19:51:52] "GET /favicon.ico HTTP/1.1" 404 2613
[22/Jan/2019 19:51:52] "GET /admin/control_pane/exchangeobject/ HTTP/1.1" 200 3501
[22/Jan/2019 19:51:52] "GET /static/admin/css/base.css HTTP/1.1" 304 0
[22/Jan/2019 19:51:52] "GET /static/admin/css/changelists.css HTTP/1.1" 304 0
[22/Jan/2019 19:51:52] "GET /static/admin/js/vendor/jquery/jquery.js HTTP/1.1" 304 0
[22/Jan/2019 19:51:52] "GET /static/admin/js/jquery.init.js HTTP/1.1" 304 0
[22/Jan/2019 19:51:52] "GET /admin/jsi18n/ HTTP/1.1" 200 14871
[22/Jan/2019 19:51:52] "GET /static/admin/js/core.js HTTP/1.1" 304 0
[22/Jan/2019 19:51:52] "GET /static/admin/js/admin/RelatedObjectLookups.js HTTP/1.1" 304 0
[22/Jan/2019 19:51:52] "GET /static/admin/js/actions.js HTTP/1.1" 304 0
[22/Jan/2019 19:51:52] "GET /static/admin/js/urlify.js HTTP/1.1" 304 0
[22/Jan/2019 19:51:52] "GET /static/admin/js/prepopulate.js HTTP/1.1" 304 0
[22/Jan/2019 19:51:52] "GET /static/admin/js/vendor/xregexp/xregexp.js HTTP/1.1" 304 0
[22/Jan/2019 19:51:52] "GET /static/admin/css/responsive.css HTTP/1.1" 304 0
[22/Jan/2019 19:51:52] "GET /static/admin/css/fonts.css HTTP/1.1" 304 0
[22/Jan/2019 19:51:52] "GET /static/admin/img/tooltag-add.svg HTTP/1.1" 200 331
[22/Jan/2019 19:51:53] "GET /admin/control_pane/exchangeobject/ HTTP/1.1" 200 3501
[22/Jan/2019 19:51:53] "GET /static/admin/css/changelists.css HTTP/1.1" 304 0
[22/Jan/2019 19:51:53] "GET /static/admin/js/jquery.init.js HTTP/1.1" 304 0
[22/Jan/2019 19:51:53] "GET /static/admin/css/base.css HTTP/1.1" 304 0
[22/Jan/2019 19:51:53] "GET /static/admin/js/core.js HTTP/1.1" 304 0
[22/Jan/2019 19:51:53] "GET /static/admin/js/vendor/jquery/jquery.js HTTP/1.1" 304 0
[22/Jan/2019 19:51:53] "GET /admin/jsi18n/ HTTP/1.1" 200 14871
[22/Jan/2019 19:51:53] "GET /static/admin/js/admin/RelatedObjectLookups.js HTTP/1.1" 304 0
[22/Jan/2019 19:51:53] "GET /static/admin/js/actions.js HTTP/1.1" 304 0
[22/Jan/2019 19:51:53] "GET /static/admin/js/urlify.js HTTP/1.1" 304 0
[22/Jan/2019 19:51:53] "GET /static/admin/js/prepopulate.js HTTP/1.1" 304 0
[22/Jan/2019 19:51:53] "GET /static/admin/js/vendor/xregexp/xregexp.js HTTP/1.1" 304 0
[22/Jan/2019 19:51:53] "GET /static/admin/css/responsive.css HTTP/1.1" 304 0
[22/Jan/2019 19:51:53] "GET /static/admin/css/fonts.css HTTP/1.1" 304 0
[22/Jan/2019 19:51:53] "GET /static/admin/img/tooltag-add.svg HTTP/1.1" 304 0
[22/Jan/2019 19:51:53] "GET /admin/control_pane/exchangeobject/ HTTP/1.1" 200 4857
[22/Jan/2019 19:51:53] "GET /static/admin/css/base.css HTTP/1.1" 304 0
[22/Jan/2019 19:51:53] "GET /static/admin/css/changelists.css HTTP/1.1" 304 0
[22/Jan/2019 19:51:53] "GET /static/admin/js/vendor/jquery/jquery.js HTTP/1.1" 304 0
[22/Jan/2019 19:51:53] "GET /static/admin/js/jquery.init.js HTTP/1.1" 304 0
[22/Jan/2019 19:51:53] "GET /static/admin/js/core.js HTTP/1.1" 304 0
[22/Jan/2019 19:51:53] "GET /admin/jsi18n/ HTTP/1.1" 200 14871
[22/Jan/2019 19:51:53] "GET /static/admin/js/admin/RelatedObjectLookups.js HTTP/1.1" 304 0
[22/Jan/2019 19:51:53] "GET /static/admin/js/actions.js HTTP/1.1" 304 0
[22/Jan/2019 19:51:53] "GET /static/admin/js/urlify.js HTTP/1.1" 304 0
[22/Jan/2019 19:51:53] "GET /static/admin/js/prepopulate.js HTTP/1.1" 304 0
[22/Jan/2019 19:51:53] "GET /static/admin/js/vendor/xregexp/xregexp.js HTTP/1.1" 304 0
[22/Jan/2019 19:51:53] "GET /static/admin/css/responsive.css HTTP/1.1" 304 0
[22/Jan/2019 19:51:53] "GET /admin/control_pane/exchangeobject/ HTTP/1.1" 200 3501
[22/Jan/2019 19:51:53] "GET /static/admin/js/vendor/jquery/jquery.js HTTP/1.1" 304 0
[22/Jan/2019 19:51:53] "GET /static/admin/js/core.js HTTP/1.1" 304 0
[22/Jan/2019 19:51:53] "GET /static/admin/css/changelists.css HTTP/1.1" 304 0
[22/Jan/2019 19:51:53] "GET /static/admin/js/jquery.init.js HTTP/1.1" 304 0
[22/Jan/2019 19:51:53] "GET /static/admin/css/base.css HTTP/1.1" 304 0
[22/Jan/2019 19:51:53] "GET /static/admin/js/admin/RelatedObjectLookups.js HTTP/1.1" 304 0
[22/Jan/2019 19:51:53] "GET /static/admin/js/actions.js HTTP/1.1" 304 0
[22/Jan/2019 19:51:53] "GET /static/admin/js/urlify.js HTTP/1.1" 304 0
[22/Jan/2019 19:51:53] "GET /admin/jsi18n/ HTTP/1.1" 200 14871
[22/Jan/2019 19:51:53] "GET /static/admin/js/prepopulate.js HTTP/1.1" 304 0
[22/Jan/2019 19:51:53] "GET /static/admin/js/vendor/xregexp/xregexp.js HTTP/1.1" 304 0
[22/Jan/2019 19:51:53] "GET /static/admin/css/responsive.css HTTP/1.1" 304 0
[22/Jan/2019 19:51:53] "GET /static/admin/css/fonts.css HTTP/1.1" 304 0
[22/Jan/2019 19:51:54] "GET /static/admin/img/tooltag-add.svg HTTP/1.1" 304 0
[22/Jan/2019 19:51:54] "GET /admin/control_pane/exchangeobject/ HTTP/1.1" 200 3501
[22/Jan/2019 19:51:54] "GET /static/admin/js/core.js HTTP/1.1" 304 0
[22/Jan/2019 19:51:54] "GET /static/admin/js/vendor/jquery/jquery.js HTTP/1.1" 304 0
[22/Jan/2019 19:51:54] "GET /static/admin/css/base.css HTTP/1.1" 304 0
[22/Jan/2019 19:51:54] "GET /static/admin/css/changelists.css HTTP/1.1" 304 0
[22/Jan/2019 19:51:54] "GET /static/admin/js/jquery.init.js HTTP/1.1" 304 0
[22/Jan/2019 19:51:54] "GET /static/admin/js/admin/RelatedObjectLookups.js HTTP/1.1" 304 0
[22/Jan/2019 19:51:54] "GET /static/admin/js/actions.js HTTP/1.1" 304 0
[22/Jan/2019 19:51:54] "GET /static/admin/js/urlify.js HTTP/1.1" 304 0
[22/Jan/2019 19:51:54] "GET /static/admin/js/prepopulate.js HTTP/1.1" 304 0
[22/Jan/2019 19:51:54] "GET /admin/jsi18n/ HTTP/1.1" 200 14871
[22/Jan/2019 19:51:54] "GET /static/admin/js/vendor/xregexp/xregexp.js HTTP/1.1" 304 0
[22/Jan/2019 19:51:54] "GET /static/admin/css/responsive.css HTTP/1.1" 304 0
[22/Jan/2019 19:51:54] "GET /static/admin/css/fonts.css HTTP/1.1" 304 0
[22/Jan/2019 19:51:54] "GET /static/admin/img/tooltag-add.svg HTTP/1.1" 304 0
[22/Jan/2019 19:53:47] "GET / HTTP/1.1" 200 1583
[22/Jan/2019 19:53:48] "GET /static/css/custom.css HTTP/1.1" 200 6947
[22/Jan/2019 19:53:48] "GET /static/css/bootstrap.min.css HTTP/1.1" 200 24576
[22/Jan/2019 19:53:48] "GET /static/favicon.ico HTTP/1.1" 200 61280
[22/Jan/2019 19:53:49] "GET /control/ HTTP/1.1" 200 10790
[22/Jan/2019 19:53:50] "GET /delete/ HTTP/1.1" 200 9943
[22/Jan/2019 19:53:50] "GET /static/css/custom.css HTTP/1.1" 200 6947
[22/Jan/2019 19:53:50] "GET /control/ HTTP/1.1" 200 9943
[22/Jan/2019 19:53:50] "GET /static/favicon.ico HTTP/1.1" 200 61280
[22/Jan/2019 19:57:31] "GET /delete/ HTTP/1.1" 200 9943
[22/Jan/2019 19:57:32] "GET /control/ HTTP/1.1" 200 9943
[22/Jan/2019 19:57:32] "GET /static/favicon.ico HTTP/1.1" 200 61280
[22/Jan/2019 19:59:28] "GET /delete/ HTTP/1.1" 200 9943
[22/Jan/2019 19:59:29] "GET /static/css/bootstrap.min.css HTTP/1.1" 200 81920
[22/Jan/2019 19:59:29] "GET /control/ HTTP/1.1" 200 9943
[22/Jan/2019 19:59:29] "GET /static/favicon.ico HTTP/1.1" 200 61280
[22/Jan/2019 20:03:17] "GET /delete/ HTTP/1.1" 200 9943
[22/Jan/2019 20:03:17] "GET /static/css/bootstrap.min.css HTTP/1.1" 200 81920
[22/Jan/2019 20:03:17] "GET /static/css/custom.css HTTP/1.1" 200 6947
[22/Jan/2019 20:03:17] "GET /control/ HTTP/1.1" 200 9943
[22/Jan/2019 20:03:18] "GET /static/favicon.ico HTTP/1.1" 200 61280
[22/Jan/2019 20:16:36] "GET /delete/ HTTP/1.1" 200 9943
[22/Jan/2019 20:16:37] "GET /control/ HTTP/1.1" 200 9943
[22/Jan/2019 20:26:04] "GET /delete/ HTTP/1.1" 200 9943
[22/Jan/2019 20:26:04] "GET /control/ HTTP/1.1" 200 9943
[22/Jan/2019 20:26:05] "GET /static/favicon.ico HTTP/1.1" 200 61280
[22/Jan/2019 20:32:51] "GET / HTTP/1.1" 200 1583
[22/Jan/2019 20:32:51] "GET /static/js/jquery.min.js HTTP/1.1" 304 0
[22/Jan/2019 20:32:51] "GET /static/css/bootstrap.min.css HTTP/1.1" 304 0
[22/Jan/2019 20:32:51] "GET /static/css/custom.css HTTP/1.1" 304 0
[22/Jan/2019 20:32:51] "GET /static/js/bootstrap.min.js HTTP/1.1" 304 0
[22/Jan/2019 20:32:53] "GET /control/ HTTP/1.1" 200 11149
[22/Jan/2019 20:32:53] "GET /static/js/control_pane/copter.js HTTP/1.1" 304 0
[22/Jan/2019 20:32:53] "GET /static/js/control_pane/ws_messages.js HTTP/1.1" 304 0
[22/Jan/2019 20:32:53] "GET /static/js/control_pane/base.js HTTP/1.1" 304 0
[22/Jan/2019 20:32:53] "GET /static/js/control_pane/ws_listener.js HTTP/1.1" 304 0
[22/Jan/2019 20:32:53] "GET /static/js/control_pane/JCControllPane.js HTTP/1.1" 304 0
[22/Jan/2019 20:32:53] "GET /static/js/control_pane/page_builder.js HTTP/1.1" 200 13893
[22/Jan/2019 20:32:53] "GET /static/js/control_pane/map_control.js HTTP/1.1" 304 0
[22/Jan/2019 20:32:53] "GET /static/js/control_pane/map_object_template.js HTTP/1.1" 304 0
[22/Jan/2019 20:32:53] "GET /static/js/control_pane/map_drawing.js HTTP/1.1" 304 0
[22/Jan/2019 20:32:54] "GET /delete/ HTTP/1.1" 200 9943
[22/Jan/2019 20:32:54] "GET /control/ HTTP/1.1" 200 9943
[22/Jan/2019 20:41:45] "GET /delete/ HTTP/1.1" 200 9943
[22/Jan/2019 20:41:46] "GET /control/ HTTP/1.1" 200 9943
[22/Jan/2019 20:46:58] "GET /delete/ HTTP/1.1" 200 9943
[22/Jan/2019 20:46:58] "GET /control/ HTTP/1.1" 200 9943
[22/Jan/2019 20:51:56] "GET /delete/ HTTP/1.1" 200 9943
[22/Jan/2019 20:51:56] "GET /control/ HTTP/1.1" 200 9943
[22/Jan/2019 20:59:15] "GET /delete/ HTTP/1.1" 200 9943
[22/Jan/2019 20:59:16] "GET /control/ HTTP/1.1" 200 9943
[22/Jan/2019 20:59:21] "GET / HTTP/1.1" 200 1583
[22/Jan/2019 21:02:54] "GET /admin/ HTTP/1.1" 200 10047
[22/Jan/2019 21:02:54] "GET /static/admin/css/base.css HTTP/1.1" 304 0
[22/Jan/2019 21:02:54] "GET /static/admin/css/dashboard.css HTTP/1.1" 304 0
[22/Jan/2019 21:02:54] "GET /static/admin/css/responsive.css HTTP/1.1" 304 0
[22/Jan/2019 21:02:54] "GET /static/admin/css/fonts.css HTTP/1.1" 304 0
[22/Jan/2019 21:02:55] "GET /static/admin/img/icon-deletelink.svg HTTP/1.1" 304 0
[22/Jan/2019 21:02:55] "GET /static/admin/img/icon-changelink.svg HTTP/1.1" 304 0
[22/Jan/2019 21:02:55] "GET /static/admin/fonts/Roboto-Light-webfont.woff HTTP/1.1" 304 0
[22/Jan/2019 21:02:55] "GET /static/admin/fonts/Roboto-Regular-webfont.woff HTTP/1.1" 304 0
[22/Jan/2019 21:02:55] "GET /static/admin/fonts/Roboto-Bold-webfont.woff HTTP/1.1" 304 0
[22/Jan/2019 21:02:55] "GET /static/admin/img/icon-addlink.svg HTTP/1.1" 304 0
Not Found: /favicon.ico
[22/Jan/2019 21:02:55] "GET /favicon.ico HTTP/1.1" 404 2613
[22/Jan/2019 21:03:01] "GET /admin/control_pane/dronecommand/ HTTP/1.1" 200 6264
[22/Jan/2019 21:03:01] "GET /static/admin/css/changelists.css HTTP/1.1" 304 0
[22/Jan/2019 21:03:01] "GET /static/admin/js/core.js HTTP/1.1" 304 0
[22/Jan/2019 21:03:01] "GET /static/admin/js/jquery.init.js HTTP/1.1" 304 0
[22/Jan/2019 21:03:01] "GET /static/admin/js/admin/RelatedObjectLookups.js HTTP/1.1" 304 0
[22/Jan/2019 21:03:01] "GET /static/admin/js/vendor/jquery/jquery.js HTTP/1.1" 304 0
[22/Jan/2019 21:03:01] "GET /static/admin/js/actions.js HTTP/1.1" 304 0
[22/Jan/2019 21:03:01] "GET /static/admin/js/urlify.js HTTP/1.1" 304 0
[22/Jan/2019 21:03:01] "GET /static/admin/js/prepopulate.js HTTP/1.1" 304 0
[22/Jan/2019 21:03:01] "GET /static/admin/js/vendor/xregexp/xregexp.js HTTP/1.1" 304 0
[22/Jan/2019 21:03:01] "GET /admin/jsi18n/ HTTP/1.1" 200 14871
[22/Jan/2019 21:03:01] "GET /static/admin/img/tooltag-add.svg HTTP/1.1" 304 0
[22/Jan/2019 21:03:03] "GET /admin/control_pane/dronecommand/1342/change/ HTTP/1.1" 200 9240
[22/Jan/2019 21:03:03] "GET /static/admin/css/forms.css HTTP/1.1" 304 0
[22/Jan/2019 21:03:03] "GET /static/admin/css/widgets.css HTTP/1.1" 304 0
[22/Jan/2019 21:03:03] "GET /admin/jsi18n/ HTTP/1.1" 200 14871
[22/Jan/2019 21:03:03] "GET /static/admin/js/change_form.js HTTP/1.1" 304 0
[22/Jan/2019 21:03:03] "GET /static/admin/js/prepopulate_init.js HTTP/1.1" 304 0
[22/Jan/2019 21:03:03] "GET /admin/control_pane/dronecommand/1343/change/ HTTP/1.1" 200 9242
[22/Jan/2019 21:03:03] "GET /admin/control_pane/dronecommand/1344/change/ HTTP/1.1" 200 9242
[22/Jan/2019 21:03:04] "GET /admin/control_pane/dronecommand/1345/change/ HTTP/1.1" 200 9243
[22/Jan/2019 21:03:04] "GET /admin/control_pane/dronecommand/1346/change/ HTTP/1.1" 200 9242
[22/Jan/2019 21:03:05] "GET /admin/control_pane/dronecommand/1347/change/ HTTP/1.1" 200 9240
[22/Jan/2019 21:03:05] "GET /admin/control_pane/dronecommand/1348/change/ HTTP/1.1" 200 9241
[22/Jan/2019 21:03:06] "GET /admin/jsi18n/ HTTP/1.1" 200 14871
[22/Jan/2019 21:03:07] "GET /admin/jsi18n/ HTTP/1.1" 200 14871
[22/Jan/2019 21:03:07] "GET /admin/jsi18n/ HTTP/1.1" 200 14871
[22/Jan/2019 21:03:07] "GET /admin/jsi18n/ HTTP/1.1" 200 14871
[22/Jan/2019 21:03:07] "GET /admin/jsi18n/ HTTP/1.1" 200 14871
[22/Jan/2019 21:03:07] "GET /admin/jsi18n/ HTTP/1.1" 200 14871
[22/Jan/2019 21:03:14] "GET /admin/control_pane/dronecommand/1344/change/ HTTP/1.1" 200 9242
[22/Jan/2019 21:03:14] "GET /admin/jsi18n/ HTTP/1.1" 200 14871
[22/Jan/2019 21:03:15] "GET /admin/control_pane/dronecommand/1344/change/ HTTP/1.1" 200 9242
[22/Jan/2019 21:03:15] "GET /admin/jsi18n/ HTTP/1.1" 200 14871
[22/Jan/2019 21:03:16] "GET /admin/control_pane/dronecommand/1345/change/ HTTP/1.1" 200 9243
[22/Jan/2019 21:03:16] "GET /admin/jsi18n/ HTTP/1.1" 200 14871
[22/Jan/2019 21:03:16] "GET /admin/control_pane/dronecommand/1345/change/ HTTP/1.1" 200 9243
[22/Jan/2019 21:03:16] "GET /admin/jsi18n/ HTTP/1.1" 200 14871
[22/Jan/2019 21:03:17] "GET /admin/control_pane/dronecommand/1345/change/ HTTP/1.1" 200 9243
[22/Jan/2019 21:03:17] "GET /admin/jsi18n/ HTTP/1.1" 200 14871
[22/Jan/2019 21:03:18] "GET /admin/control_pane/dronecommand/1346/change/ HTTP/1.1" 200 9242
[22/Jan/2019 21:03:18] "GET /admin/jsi18n/ HTTP/1.1" 200 14871
[22/Jan/2019 21:03:19] "GET /admin/control_pane/dronecommand/1345/change/ HTTP/1.1" 200 9243
[22/Jan/2019 21:03:19] "GET /admin/jsi18n/ HTTP/1.1" 200 14871
[22/Jan/2019 21:03:19] "GET /admin/control_pane/dronecommand/1345/change/ HTTP/1.1" 200 9243
[22/Jan/2019 21:03:19] "GET /admin/jsi18n/ HTTP/1.1" 200 14871
[22/Jan/2019 21:03:20] "GET /admin/control_pane/dronecommand/1345/change/ HTTP/1.1" 200 9243
[22/Jan/2019 21:03:20] "GET /admin/jsi18n/ HTTP/1.1" 200 14871
[22/Jan/2019 21:03:22] "GET /admin/control_pane/dronecommand/1345/change/ HTTP/1.1" 200 9243
[22/Jan/2019 21:03:22] "GET /admin/jsi18n/ HTTP/1.1" 200 14871
[22/Jan/2019 21:03:27] "GET /admin/control_pane/dronecommand/1346/change/ HTTP/1.1" 200 9242
[22/Jan/2019 21:03:27] "GET /admin/jsi18n/ HTTP/1.1" 200 14871
[22/Jan/2019 21:03:28] "GET /admin/control_pane/dronecommand/1346/change/ HTTP/1.1" 200 9242
[22/Jan/2019 21:03:28] "GET /admin/jsi18n/ HTTP/1.1" 200 14871
[22/Jan/2019 21:03:28] "GET /admin/control_pane/dronecommand/1346/change/ HTTP/1.1" 200 9242
[22/Jan/2019 21:03:28] "GET /admin/jsi18n/ HTTP/1.1" 200 14871
[22/Jan/2019 21:03:29] "GET /admin/control_pane/dronecommand/1346/change/ HTTP/1.1" 200 9242
[22/Jan/2019 21:03:29] "GET /admin/jsi18n/ HTTP/1.1" 200 14871
[22/Jan/2019 21:03:37] "GET /admin/control_pane/dronecommand/1347/change/ HTTP/1.1" 200 9240
[22/Jan/2019 21:03:37] "GET /admin/jsi18n/ HTTP/1.1" 200 14871
[22/Jan/2019 21:05:28] "GET /control/ HTTP/1.1" 200 9966
[22/Jan/2019 21:05:28] "GET /delete/ HTTP/1.1" 200 9943
[22/Jan/2019 21:05:29] "GET /control/ HTTP/1.1" 200 9943
[22/Jan/2019 21:15:37] "GET /delete/ HTTP/1.1" 200 9943
[22/Jan/2019 21:15:37] "GET /control/ HTTP/1.1" 200 9943
[22/Jan/2019 21:22:57] "GET / HTTP/1.1" 200 1583
[22/Jan/2019 21:22:58] "GET /control/ HTTP/1.1" 200 9945
[22/Jan/2019 21:22:59] "GET /delete/ HTTP/1.1" 200 9943
[22/Jan/2019 21:22:59] "GET /control/ HTTP/1.1" 200 9943
[22/Jan/2019 21:23:01] "GET / HTTP/1.1" 200 1583
[22/Jan/2019 21:42:24] "GET /admin/ HTTP/1.1" 302 0
[22/Jan/2019 21:42:24] "GET /admin/login/?next=/admin/ HTTP/1.1" 200 1909
[22/Jan/2019 21:42:24] "GET /static/admin/css/login.css HTTP/1.1" 304 0
Not Found: /favicon.ico
[22/Jan/2019 21:42:25] "GET /favicon.ico HTTP/1.1" 404 2613
[22/Jan/2019 21:42:25] "POST /admin/login/?next=/admin/ HTTP/1.1" 302 0
[22/Jan/2019 21:42:25] "GET /admin/ HTTP/1.1" 200 10047
[22/Jan/2019 21:42:27] "GET /admin/control_pane/dronecommand/ HTTP/1.1" 200 10283
[22/Jan/2019 21:42:27] "GET /admin/jsi18n/ HTTP/1.1" 200 14871
[22/Jan/2019 21:42:29] "GET /admin/control_pane/dronecommand/ HTTP/1.1" 200 10283
[22/Jan/2019 21:42:29] "GET /admin/jsi18n/ HTTP/1.1" 200 14871
[22/Jan/2019 21:42:29] "GET /admin/control_pane/dronecommand/ HTTP/1.1" 200 10283
[22/Jan/2019 21:42:29] "GET /admin/jsi18n/ HTTP/1.1" 200 14871
[22/Jan/2019 21:42:30] "GET /admin/control_pane/dronecommand/ HTTP/1.1" 200 10283
[22/Jan/2019 21:42:30] "GET /admin/jsi18n/ HTTP/1.1" 200 14871
[22/Jan/2019 21:42:30] "GET /admin/control_pane/dronecommand/ HTTP/1.1" 200 10283
[22/Jan/2019 21:42:30] "GET /admin/jsi18n/ HTTP/1.1" 200 14871
[22/Jan/2019 21:42:30] "GET /admin/control_pane/dronecommand/ HTTP/1.1" 200 10283
[22/Jan/2019 21:42:30] "GET /admin/jsi18n/ HTTP/1.1" 200 14871
[22/Jan/2019 21:42:30] "GET /admin/control_pane/dronecommand/ HTTP/1.1" 200 10283
[22/Jan/2019 21:42:30] "GET /admin/jsi18n/ HTTP/1.1" 200 14871
[22/Jan/2019 21:42:30] "GET /admin/control_pane/dronecommand/ HTTP/1.1" 200 10283
[22/Jan/2019 21:42:31] "GET /admin/jsi18n/ HTTP/1.1" 200 14871
[22/Jan/2019 21:42:31] "GET /admin/control_pane/dronecommand/ HTTP/1.1" 200 10283
[22/Jan/2019 21:42:31] "GET /admin/jsi18n/ HTTP/1.1" 200 14871
[22/Jan/2019 21:43:42] "GET /admin/control_pane/dronecommand/ HTTP/1.1" 200 10283
[22/Jan/2019 21:43:42] "GET /admin/jsi18n/ HTTP/1.1" 200 14871
Not Found: /favicon.ico
[22/Jan/2019 21:43:43] "GET /favicon.ico HTTP/1.1" 404 2613
[22/Jan/2019 21:43:43] "GET /admin/control_pane/dronecommand/ HTTP/1.1" 200 10283
[22/Jan/2019 21:43:43] "GET /admin/jsi18n/ HTTP/1.1" 200 14871
[22/Jan/2019 21:43:44] "GET /admin/control_pane/dronecommand/ HTTP/1.1" 200 10283
[22/Jan/2019 21:43:44] "GET /admin/jsi18n/ HTTP/1.1" 200 14871
[22/Jan/2019 21:43:44] "GET /admin/control_pane/dronecommand/ HTTP/1.1" 200 10283
[22/Jan/2019 21:43:44] "GET /admin/jsi18n/ HTTP/1.1" 200 14871
[22/Jan/2019 21:43:44] "GET /admin/control_pane/dronecommand/ HTTP/1.1" 200 10283
[22/Jan/2019 21:43:44] "GET /admin/jsi18n/ HTTP/1.1" 200 14871
[22/Jan/2019 21:43:44] "GET /admin/control_pane/dronecommand/ HTTP/1.1" 200 10283
[22/Jan/2019 21:43:45] "GET /admin/jsi18n/ HTTP/1.1" 200 14871
[22/Jan/2019 21:44:09] "GET /admin/control_pane/dronecommand/ HTTP/1.1" 200 10283
[22/Jan/2019 21:44:09] "GET /admin/jsi18n/ HTTP/1.1" 200 14871
[22/Jan/2019 21:44:10] "GET /admin/control_pane/dronecommand/ HTTP/1.1" 200 10283
[22/Jan/2019 21:44:10] "GET /admin/jsi18n/ HTTP/1.1" 200 14871
[22/Jan/2019 21:44:38] "GET /admin/control_pane/dronecommand/ HTTP/1.1" 200 10283
[22/Jan/2019 21:44:38] "GET /admin/jsi18n/ HTTP/1.1" 200 14871
[22/Jan/2019 21:47:16] "GET /admin/control_pane/dronecommand/ HTTP/1.1" 302 0
[22/Jan/2019 21:47:16] "GET /admin/login/?next=/admin/control_pane/dronecommand/ HTTP/1.1" 200 1961
Not Found: /favicon.ico
[22/Jan/2019 21:47:16] "GET /favicon.ico HTTP/1.1" 404 2613
[22/Jan/2019 21:47:17] "POST /admin/login/?next=/admin/control_pane/dronecommand/ HTTP/1.1" 302 0
[22/Jan/2019 21:47:17] "GET /admin/control_pane/dronecommand/ HTTP/1.1" 200 10283
[22/Jan/2019 21:47:17] "GET /admin/jsi18n/ HTTP/1.1" 200 14871
[22/Jan/2019 21:47:18] "GET /admin/control_pane/dronecommand/ HTTP/1.1" 200 10283
[22/Jan/2019 21:47:18] "GET /admin/jsi18n/ HTTP/1.1" 200 14871
[22/Jan/2019 21:47:19] "GET /admin/control_pane/dronecommand/ HTTP/1.1" 200 10283
[22/Jan/2019 21:47:19] "GET /admin/jsi18n/ HTTP/1.1" 200 14871
[22/Jan/2019 21:47:19] "GET /admin/control_pane/dronecommand/ HTTP/1.1" 200 10283
[22/Jan/2019 21:47:19] "GET /admin/jsi18n/ HTTP/1.1" 200 14871
[22/Jan/2019 21:48:12] "GET /admin/control_pane/dronecommand/ HTTP/1.1" 200 10283
[22/Jan/2019 21:48:12] "GET /admin/jsi18n/ HTTP/1.1" 200 14871
[22/Jan/2019 21:48:13] "GET /admin/control_pane/dronecommand/ HTTP/1.1" 200 10283
[22/Jan/2019 21:48:13] "GET /admin/jsi18n/ HTTP/1.1" 200 14871
[22/Jan/2019 21:48:13] "GET /admin/control_pane/dronecommand/ HTTP/1.1" 200 10283
[22/Jan/2019 21:48:13] "GET /admin/jsi18n/ HTTP/1.1" 200 14871
[22/Jan/2019 21:48:13] "GET /admin/control_pane/dronecommand/ HTTP/1.1" 200 10283
[22/Jan/2019 21:48:13] "GET /admin/jsi18n/ HTTP/1.1" 200 14871
[22/Jan/2019 21:48:13] "GET /admin/control_pane/dronecommand/ HTTP/1.1" 200 10283
[22/Jan/2019 21:48:14] "GET /admin/jsi18n/ HTTP/1.1" 200 14871
[22/Jan/2019 21:48:14] "GET /admin/control_pane/dronecommand/ HTTP/1.1" 200 10283
[22/Jan/2019 21:48:14] "GET /admin/jsi18n/ HTTP/1.1" 200 14871
[22/Jan/2019 21:49:26] "GET /admin/control_pane/dronecommand/ HTTP/1.1" 200 10283
[22/Jan/2019 21:49:26] "GET /admin/jsi18n/ HTTP/1.1" 200 14871
[22/Jan/2019 21:49:27] "GET /admin/control_pane/dronecommand/ HTTP/1.1" 200 10283
[22/Jan/2019 21:49:27] "GET /admin/jsi18n/ HTTP/1.1" 200 14871
[22/Jan/2019 21:49:27] "GET /admin/control_pane/dronecommand/ HTTP/1.1" 200 10283
[22/Jan/2019 21:49:27] "GET /admin/jsi18n/ HTTP/1.1" 200 14871
[22/Jan/2019 21:50:55] "GET /admin/control_pane/dronecommand/ HTTP/1.1" 200 3448
[22/Jan/2019 21:50:55] "GET /admin/jsi18n/ HTTP/1.1" 200 14871
[22/Jan/2019 21:50:56] "GET /admin/control_pane/dronecommand/ HTTP/1.1" 200 3448
[22/Jan/2019 21:50:56] "GET /admin/jsi18n/ HTTP/1.1" 200 14871
[22/Jan/2019 21:50:56] "GET /admin/control_pane/dronecommand/ HTTP/1.1" 200 3448
[22/Jan/2019 21:50:56] "GET /admin/jsi18n/ HTTP/1.1" 200 14871
[22/Jan/2019 21:50:56] "GET /admin/control_pane/dronecommand/ HTTP/1.1" 200 3448
[22/Jan/2019 21:50:56] "GET /admin/jsi18n/ HTTP/1.1" 200 14871
[22/Jan/2019 22:08:19] "GET / HTTP/1.1" 200 1583
[22/Jan/2019 22:08:21] "GET /admin/ HTTP/1.1" 302 0
[22/Jan/2019 22:08:21] "GET /admin/login/?next=/admin/ HTTP/1.1" 200 1909
[22/Jan/2019 22:08:22] "POST /admin/login/?next=/admin/ HTTP/1.1" 302 0
[22/Jan/2019 22:08:22] "GET /admin/ HTTP/1.1" 200 10047
[22/Jan/2019 22:08:23] "GET /admin/control_pane/dronecommand/ HTTP/1.1" 200 10283
[22/Jan/2019 22:08:23] "GET /admin/jsi18n/ HTTP/1.1" 200 14871
[22/Jan/2019 22:08:27] "GET /admin/control_pane/dronecommand/ HTTP/1.1" 200 10283
[22/Jan/2019 22:08:27] "GET /admin/jsi18n/ HTTP/1.1" 200 14871
[22/Jan/2019 22:08:27] "GET /admin/control_pane/dronecommand/ HTTP/1.1" 200 10283
[22/Jan/2019 22:08:27] "GET /admin/jsi18n/ HTTP/1.1" 200 14871
[22/Jan/2019 22:08:28] "GET /admin/control_pane/dronecommand/ HTTP/1.1" 200 3448
[22/Jan/2019 22:08:28] "GET /admin/jsi18n/ HTTP/1.1" 200 14871
[22/Jan/2019 22:08:28] "GET /admin/control_pane/dronecommand/ HTTP/1.1" 200 3448
[22/Jan/2019 22:08:28] "GET /admin/jsi18n/ HTTP/1.1" 200 14871
[22/Jan/2019 22:08:28] "GET /admin/control_pane/dronecommand/ HTTP/1.1" 200 3448
[22/Jan/2019 22:08:28] "GET /admin/jsi18n/ HTTP/1.1" 200 14871
Not Found: /robots.txt
[23/Jan/2019 01:11:53] "GET /robots.txt HTTP/1.1" 404 2610
[23/Jan/2019 01:11:57] "GET / HTTP/1.1" 200 1583
Performing system checks...

System check identified no issues (0 silenced).
January 22, 2019 - 19:03:45
Django version 2.1.5, using settings 'project.settings'
Starting development server at http://0:8085/
Quit the server with CONTROL-C.
